2025-08-07 13:39:30.839978: I tensorflow/core/util/port.cc:153] oneDNN custom operations are on. You may see slightly different numerical results due to floating-point round-off errors from different computation orders. To turn them off, set the environment variable `TF_ENABLE_ONEDNN_OPTS=0`.
2025-08-07 13:39:33.551288: I tensorflow/core/util/port.cc:153] oneDNN custom operations are on. You may see slightly different numerical results due to floating-point round-off errors from different computation orders. To turn them off, set the environment variable `TF_ENABLE_ONEDNN_OPTS=0`.
2025-08-07 13:39:42.987389: I tensorflow/core/platform/cpu_feature_guard.cc:210] This TensorFlow binary is optimized to use available CPU instructions in performance-critical operations.
To enable the following instructions: SSE3 SSE4.1 SSE4.2 AVX AVX2 AVX_VNNI FMA, in other operations, rebuild TensorFlow with the appropriate compiler flags.
INFO:bayesflow:Using backend 'tensorflow'
INFO:bayesflow:Fitting on dataset instance of OfflineDataset.
INFO:bayesflow:Building on a test batch.
Initializing Three Body Simulation...
Wrapping simulator...
Loading Training Data...
Training Data Loaded.
Loading Validation Data...
Validation Data Loaded.
Setting up Adapter...
Initializing Summary and Inference Networks...
Starting Training...
Epoch 1/50

[1m 1/16[0m [32m=[0m[37m===================[0m [1m7:50[0m 31s/step - loss: 25.5409
[1m 2/16[0m [32m==[0m[37m==================[0m [1m14s[0m 1s/step - loss: 25.5190  
[1m 3/16[0m [32m===[0m[37m=================[0m [1m12s[0m 958ms/step - loss: 25.6526
[1m 4/16[0m [32m=====[0m[37m===============[0m [1m9s[0m 781ms/step - loss: 25.6517 
[1m 5/16[0m [32m======[0m[37m==============[0m [1m9s[0m 845ms/step - loss: 25.5678
[1m 6/16[0m [32m=======[0m[37m=============[0m [1m8s[0m 848ms/step - loss: 25.5801
[1m 7/16[0m [32m========[0m[37m============[0m [1m7s[0m 834ms/step - loss: 25.5245
[1m 8/16[0m [32m==========[0m[37m==========[0m [1m6s[0m 866ms/step - loss: 25.5734
[1m 9/16[0m [32m===========[0m[37m=========[0m [1m6s[0m 919ms/step - loss: 25.5032
[1m10/16[0m [32m============[0m[37m========[0m [1m5s[0m 933ms/step - loss: 25.5030
[1m11/16[0m [32m=============[0m[37m=======[0m [1m4s[0m 937ms/step - loss: 25.4798
[1m12/16[0m [32m===============[0m[37m=====[0m [1m4s[0m 1s/step - loss: 25.5116   
[1m13/16[0m [32m================[0m[37m====[0m [1m3s[0m 1s/step - loss: 25.4803
[1m14/16[0m [32m=================[0m[37m===[0m [1m2s[0m 1s/step - loss: 25.4290
[1m15/16[0m [32m==================[0m[37m==[0m [1m1s[0m 1s/step - loss: 25.3989
[1m16/16[0m [32m====================[0m[37m[0m [1m0s[0m 1s/step - loss: 25.4079
[1m16/16[0m [32m====================[0m[37m[0m [1m51s[0m 1s/step - loss: 25.4075 - val_loss: 24.6631
Epoch 2/50

[1m 1/16[0m [32m=[0m[37m===================[0m [1m16s[0m 1s/step - loss: 25.3560
[1m 2/16[0m [32m==[0m[37m==================[0m [1m10s[0m 760ms/step - loss: 25.2000
[1m 3/16[0m [32m===[0m[37m=================[0m [1m11s[0m 879ms/step - loss: 25.0023
[1m 4/16[0m [32m=====[0m[37m===============[0m [1m10s[0m 854ms/step - loss: 24.9750
[1m 5/16[0m [32m======[0m[37m==============[0m [1m9s[0m 849ms/step - loss: 25.0776 
[1m 6/16[0m [32m=======[0m[37m=============[0m [1m8s[0m 828ms/step - loss: 25.1952
[1m 7/16[0m [32m========[0m[37m============[0m [1m7s[0m 830ms/step - loss: 25.2349
[1m 8/16[0m [32m==========[0m[37m==========[0m [1m6s[0m 868ms/step - loss: 25.2208
[1m 9/16[0m [32m===========[0m[37m=========[0m [1m6s[0m 872ms/step - loss: 25.1384
[1m10/16[0m [32m============[0m[37m========[0m [1m5s[0m 897ms/step - loss: 25.1348
[1m11/16[0m [32m=============[0m[37m=======[0m [1m4s[0m 854ms/step - loss: 25.1534
[1m12/16[0m [32m===============[0m[37m=====[0m [1m3s[0m 901ms/step - loss: 25.1218
[1m13/16[0m [32m================[0m[37m====[0m [1m2s[0m 921ms/step - loss: 25.0919
[1m14/16[0m [32m=================[0m[37m===[0m [1m1s[0m 927ms/step - loss: 25.0443
[1m15/16[0m [32m==================[0m[37m==[0m [1m0s[0m 952ms/step - loss: 25.0294
[1m16/16[0m [32m====================[0m[37m[0m [1m0s[0m 960ms/step - loss: 24.9608
[1m16/16[0m [32m====================[0m[37m[0m [1m16s[0m 984ms/step - loss: 24.9603 - val_loss: 23.8580
Epoch 3/50

[1m 1/16[0m [32m=[0m[37m===================[0m [1m19s[0m 1s/step - loss: 24.8270
[1m 2/16[0m [32m==[0m[37m==================[0m [1m25s[0m 2s/step - loss: 24.5356
[1m 3/16[0m [32m===[0m[37m=================[0m [1m20s[0m 2s/step - loss: 24.4254
[1m 4/16[0m [32m=====[0m[37m===============[0m [1m17s[0m 1s/step - loss: 24.5314
[1m 5/16[0m [32m======[0m[37m==============[0m [1m14s[0m 1s/step - loss: 24.3452
[1m 6/16[0m [32m=======[0m[37m=============[0m [1m13s[0m 1s/step - loss: 24.1970
[1m 7/16[0m [32m========[0m[37m============[0m [1m10s[0m 1s/step - loss: 24.1119
[1m 8/16[0m [32m==========[0m[37m==========[0m [1m9s[0m 1s/step - loss: 23.9138 
[1m 9/16[0m [32m===========[0m[37m=========[0m [1m8s[0m 1s/step - loss: 23.7987
[1m10/16[0m [32m============[0m[37m========[0m [1m7s[0m 1s/step - loss: 23.7713
[1m11/16[0m [32m=============[0m[37m=======[0m [1m6s[0m 1s/step - loss: 23.7114
[1m12/16[0m [32m===============[0m[37m=====[0m [1m5s[0m 1s/step - loss: 23.5839
[1m13/16[0m [32m================[0m[37m====[0m [1m4s[0m 1s/step - loss: 23.4429
[1m14/16[0m [32m=================[0m[37m===[0m [1m2s[0m 1s/step - loss: 23.3024
[1m15/16[0m [32m==================[0m[37m==[0m [1m1s[0m 1s/step - loss: 23.2613
[1m16/16[0m [32m====================[0m[37m[0m [1m0s[0m 1s/step - loss: 23.1854
[1m16/16[0m [32m====================[0m[37m[0m [1m22s[0m 1s/step - loss: 23.1848 - val_loss: 21.1255
Epoch 4/50

[1m 1/16[0m [32m=[0m[37m===================[0m [1m16s[0m 1s/step - loss: 21.3864
[1m 2/16[0m [32m==[0m[37m==================[0m [1m12s[0m 892ms/step - loss: 21.1228
[1m 3/16[0m [32m===[0m[37m=================[0m [1m11s[0m 856ms/step - loss: 21.0473
[1m 4/16[0m [32m=====[0m[37m===============[0m [1m11s[0m 926ms/step - loss: 20.7525
[1m 5/16[0m [32m======[0m[37m==============[0m [1m9s[0m 896ms/step - loss: 20.5407 
[1m 6/16[0m [32m=======[0m[37m=============[0m [1m8s[0m 864ms/step - loss: 20.3514
[1m 7/16[0m [32m========[0m[37m============[0m [1m8s[0m 904ms/step - loss: 20.1492
[1m 8/16[0m [32m==========[0m[37m==========[0m [1m7s[0m 886ms/step - loss: 20.0025
[1m 9/16[0m [32m===========[0m[37m=========[0m [1m6s[0m 889ms/step - loss: 19.7377
[1m10/16[0m [32m============[0m[37m========[0m [1m5s[0m 884ms/step - loss: 19.4639
[1m11/16[0m [32m=============[0m[37m=======[0m [1m4s[0m 877ms/step - loss: 19.2786
[1m12/16[0m [32m===============[0m[37m=====[0m [1m3s[0m 830ms/step - loss: 19.0393
[1m13/16[0m [32m================[0m[37m====[0m [1m2s[0m 846ms/step - loss: 18.7833
[1m14/16[0m [32m=================[0m[37m===[0m [1m1s[0m 872ms/step - loss: 18.6047
[1m15/16[0m [32m==================[0m[37m==[0m [1m0s[0m 880ms/step - loss: 18.3804
[1m16/16[0m [32m====================[0m[37m[0m [1m0s[0m 890ms/step - loss: 18.2179
[1m16/16[0m [32m====================[0m[37m[0m [1m15s[0m 919ms/step - loss: 18.2204 - val_loss: 15.0354
Epoch 5/50

[1m 1/16[0m [32m=[0m[37m===================[0m [1m21s[0m 1s/step - loss: 14.0848
[1m 2/16[0m [32m==[0m[37m==================[0m [1m20s[0m 1s/step - loss: 14.3348
[1m 3/16[0m [32m===[0m[37m=================[0m [1m17s[0m 1s/step - loss: 14.7454
[1m 4/16[0m [32m=====[0m[37m===============[0m [1m14s[0m 1s/step - loss: 14.5960
[1m 5/16[0m [32m======[0m[37m==============[0m [1m12s[0m 1s/step - loss: 15.0320
[1m 6/16[0m [32m=======[0m[37m=============[0m [1m11s[0m 1s/step - loss: 15.2943
[1m 7/16[0m [32m========[0m[37m============[0m [1m9s[0m 1s/step - loss: 15.2459 
[1m 8/16[0m [32m==========[0m[37m==========[0m [1m8s[0m 1s/step - loss: 15.0724
[1m 9/16[0m [32m===========[0m[37m=========[0m [1m7s[0m 1s/step - loss: 14.8845
[1m10/16[0m [32m============[0m[37m========[0m [1m6s[0m 1s/step - loss: 14.6985
[1m11/16[0m [32m=============[0m[37m=======[0m [1m5s[0m 1s/step - loss: 14.5645
[1m12/16[0m [32m===============[0m[37m=====[0m [1m4s[0m 1s/step - loss: 14.5225
[1m13/16[0m [32m================[0m[37m====[0m [1m3s[0m 1s/step - loss: 14.5051
[1m14/16[0m [32m=================[0m[37m===[0m [1m2s[0m 1s/step - loss: 14.3873
[1m15/16[0m [32m==================[0m[37m==[0m [1m1s[0m 1s/step - loss: 14.3126
[1m16/16[0m [32m====================[0m[37m[0m [1m0s[0m 1s/step - loss: 14.2682
[1m16/16[0m [32m====================[0m[37m[0m [1m19s[0m 1s/step - loss: 14.2691 - val_loss: 12.8439
Epoch 6/50

[1m 1/16[0m [32m=[0m[37m===================[0m [1m19s[0m 1s/step - loss: 12.7240
[1m 2/16[0m [32m==[0m[37m==================[0m [1m5s[0m 424ms/step - loss: 12.4714
[1m 3/16[0m [32m===[0m[37m=================[0m [1m9s[0m 705ms/step - loss: 12.4601
[1m 4/16[0m [32m=====[0m[37m===============[0m [1m11s[0m 967ms/step - loss: 12.4149
[1m 5/16[0m [32m======[0m[37m==============[0m [1m12s[0m 1s/step - loss: 12.0343   
[1m 6/16[0m [32m=======[0m[37m=============[0m [1m11s[0m 1s/step - loss: 12.1759
[1m 7/16[0m [32m========[0m[37m============[0m [1m11s[0m 1s/step - loss: 12.1084
[1m 8/16[0m [32m==========[0m[37m==========[0m [1m10s[0m 1s/step - loss: 12.0435
[1m 9/16[0m [32m===========[0m[37m=========[0m [1m8s[0m 1s/step - loss: 12.0207 
[1m10/16[0m [32m============[0m[37m========[0m [1m7s[0m 1s/step - loss: 11.9399
[1m11/16[0m [32m=============[0m[37m=======[0m [1m6s[0m 1s/step - loss: 11.8019
[1m12/16[0m [32m===============[0m[37m=====[0m [1m5s[0m 1s/step - loss: 11.7610
[1m13/16[0m [32m================[0m[37m====[0m [1m3s[0m 1s/step - loss: 11.7644
[1m14/16[0m [32m=================[0m[37m===[0m [1m2s[0m 1s/step - loss: 11.6565
[1m15/16[0m [32m==================[0m[37m==[0m [1m1s[0m 1s/step - loss: 11.6130
[1m16/16[0m [32m====================[0m[37m[0m [1m0s[0m 1s/step - loss: 11.4861
[1m16/16[0m [32m====================[0m[37m[0m [1m22s[0m 1s/step - loss: 11.4851 - val_loss: 10.4675
Epoch 7/50

[1m 1/16[0m [32m=[0m[37m===================[0m [1m18s[0m 1s/step - loss: 9.5285
[1m 2/16[0m [32m==[0m[37m==================[0m [1m18s[0m 1s/step - loss: 10.0425
[1m 3/16[0m [32m===[0m[37m=================[0m [1m16s[0m 1s/step - loss: 9.6660 
[1m 4/16[0m [32m=====[0m[37m===============[0m [1m15s[0m 1s/step - loss: 9.7066
[1m 5/16[0m [32m======[0m[37m==============[0m [1m13s[0m 1s/step - loss: 9.8718
[1m 6/16[0m [32m=======[0m[37m=============[0m [1m11s[0m 1s/step - loss: 9.9021
[1m 7/16[0m [32m========[0m[37m============[0m [1m10s[0m 1s/step - loss: 9.8614
[1m 8/16[0m [32m==========[0m[37m==========[0m [1m9s[0m 1s/step - loss: 9.7509 
[1m 9/16[0m [32m===========[0m[37m=========[0m [1m7s[0m 1s/step - loss: 9.8138
[1m10/16[0m [32m============[0m[37m========[0m [1m6s[0m 1s/step - loss: 9.8263
[1m11/16[0m [32m=============[0m[37m=======[0m [1m4s[0m 998ms/step - loss: 9.8964
[1m12/16[0m [32m===============[0m[37m=====[0m [1m4s[0m 1s/step - loss: 9.8854   
[1m13/16[0m [32m================[0m[37m====[0m [1m3s[0m 1s/step - loss: 9.8635
[1m14/16[0m [32m=================[0m[37m===[0m [1m2s[0m 1s/step - loss: 9.8381
[1m15/16[0m [32m==================[0m[37m==[0m [1m1s[0m 1s/step - loss: 9.8317
[1m16/16[0m [32m====================[0m[37m[0m [1m0s[0m 1s/step - loss: 9.7467
[1m16/16[0m [32m====================[0m[37m[0m [1m17s[0m 1s/step - loss: 9.7459 - val_loss: 10.6116
Epoch 8/50

[1m 1/16[0m [32m=[0m[37m===================[0m [1m22s[0m 1s/step - loss: 9.9427
[1m 2/16[0m [32m==[0m[37m==================[0m [1m15s[0m 1s/step - loss: 9.9899
[1m 3/16[0m [32m===[0m[37m=================[0m [1m10s[0m 789ms/step - loss: 10.3731
[1m 4/16[0m [32m=====[0m[37m===============[0m [1m10s[0m 844ms/step - loss: 10.5284
[1m 5/16[0m [32m======[0m[37m==============[0m [1m10s[0m 943ms/step - loss: 9.9483 
[1m 6/16[0m [32m=======[0m[37m=============[0m [1m9s[0m 971ms/step - loss: 9.5518 
[1m 7/16[0m [32m========[0m[37m============[0m [1m8s[0m 976ms/step - loss: 9.4978
[1m 8/16[0m [32m==========[0m[37m==========[0m [1m8s[0m 1s/step - loss: 9.4071   
[1m 9/16[0m [32m===========[0m[37m=========[0m [1m7s[0m 1s/step - loss: 9.5233
[1m10/16[0m [32m============[0m[37m========[0m [1m6s[0m 1s/step - loss: 9.6685
[1m11/16[0m [32m=============[0m[37m=======[0m [1m5s[0m 1s/step - loss: 9.5344
[1m12/16[0m [32m===============[0m[37m=====[0m [1m4s[0m 1s/step - loss: 9.4238
[1m13/16[0m [32m================[0m[37m====[0m [1m3s[0m 1s/step - loss: 9.4052
[1m14/16[0m [32m=================[0m[37m===[0m [1m2s[0m 1s/step - loss: 9.4533
[1m15/16[0m [32m==================[0m[37m==[0m [1m1s[0m 1s/step - loss: 9.4250
[1m16/16[0m [32m====================[0m[37m[0m [1m0s[0m 1s/step - loss: 9.3313
[1m16/16[0m [32m====================[0m[37m[0m [1m19s[0m 1s/step - loss: 9.3287 - val_loss: 8.4947
Epoch 9/50

[1m 1/16[0m [32m=[0m[37m===================[0m [1m21s[0m 1s/step - loss: 7.7231
[1m 2/16[0m [32m==[0m[37m==================[0m [1m14s[0m 1s/step - loss: 7.6745
[1m 3/16[0m [32m===[0m[37m=================[0m [1m15s[0m 1s/step - loss: 7.9170
[1m 4/16[0m [32m=====[0m[37m===============[0m [1m14s[0m 1s/step - loss: 7.8893
[1m 5/16[0m [32m======[0m[37m==============[0m [1m13s[0m 1s/step - loss: 8.1414
[1m 6/16[0m [32m=======[0m[37m=============[0m [1m12s[0m 1s/step - loss: 8.3359
[1m 7/16[0m [32m========[0m[37m============[0m [1m11s[0m 1s/step - loss: 8.2132
[1m 8/16[0m [32m==========[0m[37m==========[0m [1m8s[0m 1s/step - loss: 8.2040 
[1m 9/16[0m [32m===========[0m[37m=========[0m [1m8s[0m 1s/step - loss: 8.0990
[1m10/16[0m [32m============[0m[37m========[0m [1m7s[0m 1s/step - loss: 8.1384
[1m11/16[0m [32m=============[0m[37m=======[0m [1m5s[0m 1s/step - loss: 8.0912
[1m12/16[0m [32m===============[0m[37m=====[0m [1m4s[0m 1s/step - loss: 7.9539
[1m13/16[0m [32m================[0m[37m====[0m [1m3s[0m 1s/step - loss: 8.0182
[1m14/16[0m [32m=================[0m[37m===[0m [1m2s[0m 1s/step - loss: 7.9059
[1m15/16[0m [32m==================[0m[37m==[0m [1m1s[0m 1s/step - loss: 8.1628
[1m16/16[0m [32m====================[0m[37m[0m [1m0s[0m 1s/step - loss: 8.4521
[1m16/16[0m [32m====================[0m[37m[0m [1m19s[0m 1s/step - loss: 8.4525 - val_loss: 7.6838
Epoch 10/50

[1m 1/16[0m [32m=[0m[37m===================[0m [1m14s[0m 982ms/step - loss: 7.7553
[1m 2/16[0m [32m==[0m[37m==================[0m [1m16s[0m 1s/step - loss: 8.0305   
[1m 3/16[0m [32m===[0m[37m=================[0m [1m13s[0m 1s/step - loss: 7.6760
[1m 4/16[0m [32m=====[0m[37m===============[0m [1m12s[0m 1s/step - loss: 7.9115
[1m 5/16[0m [32m======[0m[37m==============[0m [1m10s[0m 972ms/step - loss: 7.8672
[1m 6/16[0m [32m=======[0m[37m=============[0m [1m9s[0m 958ms/step - loss: 7.8207 
[1m 7/16[0m [32m========[0m[37m============[0m [1m8s[0m 951ms/step - loss: 7.7521
[1m 8/16[0m [32m==========[0m[37m==========[0m [1m7s[0m 995ms/step - loss: 7.7158
[1m 9/16[0m [32m===========[0m[37m=========[0m [1m7s[0m 1s/step - loss: 7.7092   
[1m10/16[0m [32m============[0m[37m========[0m [1m6s[0m 1s/step - loss: 7.6923
[1m11/16[0m [32m=============[0m[37m=======[0m [1m5s[0m 1s/step - loss: 7.6804
[1m12/16[0m [32m===============[0m[37m=====[0m [1m4s[0m 1s/step - loss: 7.6617
[1m13/16[0m [32m================[0m[37m====[0m [1m3s[0m 1s/step - loss: 7.6503
[1m14/16[0m [32m=================[0m[37m===[0m [1m2s[0m 1s/step - loss: 7.6167
[1m15/16[0m [32m==================[0m[37m==[0m [1m1s[0m 1s/step - loss: 7.5554
[1m16/16[0m [32m====================[0m[37m[0m [1m0s[0m 1s/step - loss: 7.5103
[1m16/16[0m [32m====================[0m[37m[0m [1m17s[0m 1s/step - loss: 7.5115 - val_loss: 8.0958
Epoch 11/50

[1m 1/16[0m [32m=[0m[37m===================[0m [1m13s[0m 889ms/step - loss: 7.9720
[1m 2/16[0m [32m==[0m[37m==================[0m [1m19s[0m 1s/step - loss: 6.8574   
[1m 3/16[0m [32m===[0m[37m=================[0m [1m19s[0m 1s/step - loss: 7.1286
[1m 4/16[0m [32m=====[0m[37m===============[0m [1m16s[0m 1s/step - loss: 7.3206
[1m 5/16[0m [32m======[0m[37m==============[0m [1m12s[0m 1s/step - loss: 7.0833
[1m 6/16[0m [32m=======[0m[37m=============[0m [1m11s[0m 1s/step - loss: 7.3180
[1m 7/16[0m [32m========[0m[37m============[0m [1m10s[0m 1s/step - loss: 7.2205
[1m 8/16[0m [32m==========[0m[37m==========[0m [1m9s[0m 1s/step - loss: 7.3432 
[1m 9/16[0m [32m===========[0m[37m=========[0m [1m8s[0m 1s/step - loss: 7.4639
[1m10/16[0m [32m============[0m[37m========[0m [1m6s[0m 1s/step - loss: 7.4234
[1m11/16[0m [32m=============[0m[37m=======[0m [1m5s[0m 1s/step - loss: 7.3219
[1m12/16[0m [32m===============[0m[37m=====[0m [1m4s[0m 1s/step - loss: 7.3457
[1m13/16[0m [32m================[0m[37m====[0m [1m3s[0m 1s/step - loss: 7.2826
[1m14/16[0m [32m=================[0m[37m===[0m [1m2s[0m 1s/step - loss: 7.2153
[1m15/16[0m [32m==================[0m[37m==[0m [1m1s[0m 1s/step - loss: 7.1963
[1m16/16[0m [32m====================[0m[37m[0m [1m0s[0m 1s/step - loss: 7.1710
[1m16/16[0m [32m====================[0m[37m[0m [1m18s[0m 1s/step - loss: 7.1724 - val_loss: 8.1422
Epoch 12/50

[1m 1/16[0m [32m=[0m[37m===================[0m [1m16s[0m 1s/step - loss: 7.6304
[1m 2/16[0m [32m==[0m[37m==================[0m [1m11s[0m 795ms/step - loss: 7.5626
[1m 3/16[0m [32m===[0m[37m=================[0m [1m10s[0m 838ms/step - loss: 7.3784
[1m 4/16[0m [32m=====[0m[37m===============[0m [1m11s[0m 967ms/step - loss: 7.1440
[1m 5/16[0m [32m======[0m[37m==============[0m [1m10s[0m 978ms/step - loss: 7.0889
[1m 6/16[0m [32m=======[0m[37m=============[0m [1m10s[0m 1s/step - loss: 7.1016   
[1m 7/16[0m [32m========[0m[37m============[0m [1m9s[0m 1s/step - loss: 7.0810 
[1m 8/16[0m [32m==========[0m[37m==========[0m [1m8s[0m 1s/step - loss: 7.2164
[1m 9/16[0m [32m===========[0m[37m=========[0m [1m7s[0m 1s/step - loss: 7.4591
[1m10/16[0m [32m============[0m[37m========[0m [1m6s[0m 1s/step - loss: 7.3931
[1m11/16[0m [32m=============[0m[37m=======[0m [1m4s[0m 977ms/step - loss: 7.5869
[1m12/16[0m [32m===============[0m[37m=====[0m [1m4s[0m 1s/step - loss: 7.8354   
[1m13/16[0m [32m================[0m[37m====[0m [1m3s[0m 1s/step - loss: 7.8018
[1m14/16[0m [32m=================[0m[37m===[0m [1m2s[0m 1s/step - loss: 7.8868
[1m15/16[0m [32m==================[0m[37m==[0m [1m1s[0m 1s/step - loss: 7.9288
[1m16/16[0m [32m====================[0m[37m[0m [1m0s[0m 1s/step - loss: 7.8990
[1m16/16[0m [32m====================[0m[37m[0m [1m19s[0m 1s/step - loss: 7.8967 - val_loss: 8.3378
Epoch 13/50

[1m 1/16[0m [32m=[0m[37m===================[0m [1m19s[0m 1s/step - loss: 7.7149
[1m 2/16[0m [32m==[0m[37m==================[0m [1m17s[0m 1s/step - loss: 7.9678
[1m 3/16[0m [32m===[0m[37m=================[0m [1m15s[0m 1s/step - loss: 7.7759
[1m 4/16[0m [32m=====[0m[37m===============[0m [1m15s[0m 1s/step - loss: 7.6692
[1m 5/16[0m [32m======[0m[37m==============[0m [1m14s[0m 1s/step - loss: 7.5793
[1m 6/16[0m [32m=======[0m[37m=============[0m [1m12s[0m 1s/step - loss: 7.5404
[1m 7/16[0m [32m========[0m[37m============[0m [1m12s[0m 1s/step - loss: 7.4650
[1m 8/16[0m [32m==========[0m[37m==========[0m [1m9s[0m 1s/step - loss: 7.2854 
[1m 9/16[0m [32m===========[0m[37m=========[0m [1m8s[0m 1s/step - loss: 7.2672
[1m10/16[0m [32m============[0m[37m========[0m [1m7s[0m 1s/step - loss: 7.2513
[1m11/16[0m [32m=============[0m[37m=======[0m [1m5s[0m 1s/step - loss: 7.2566
[1m12/16[0m [32m===============[0m[37m=====[0m [1m4s[0m 1s/step - loss: 7.2731
[1m13/16[0m [32m================[0m[37m====[0m [1m3s[0m 1s/step - loss: 7.2578
[1m14/16[0m [32m=================[0m[37m===[0m [1m2s[0m 1s/step - loss: 7.1385
[1m15/16[0m [32m==================[0m[37m==[0m [1m1s[0m 1s/step - loss: 7.1044
[1m16/16[0m [32m====================[0m[37m[0m [1m0s[0m 1s/step - loss: 7.1501
[1m16/16[0m [32m====================[0m[37m[0m [1m19s[0m 1s/step - loss: 7.1517 - val_loss: 6.1487
Epoch 14/50

[1m 1/16[0m [32m=[0m[37m===================[0m [1m12s[0m 823ms/step - loss: 6.8067
[1m 2/16[0m [32m==[0m[37m==================[0m [1m13s[0m 936ms/step - loss: 6.2888
[1m 3/16[0m [32m===[0m[37m=================[0m [1m8s[0m 639ms/step - loss: 6.9892 
[1m 4/16[0m [32m=====[0m[37m===============[0m [1m8s[0m 670ms/step - loss: 6.6735
[1m 5/16[0m [32m======[0m[37m==============[0m [1m9s[0m 822ms/step - loss: 6.6170
[1m 6/16[0m [32m=======[0m[37m=============[0m [1m9s[0m 921ms/step - loss: 6.7471
[1m 7/16[0m [32m========[0m[37m============[0m [1m8s[0m 976ms/step - loss: 6.7976
[1m 8/16[0m [32m==========[0m[37m==========[0m [1m7s[0m 980ms/step - loss: 6.5584
[1m 9/16[0m [32m===========[0m[37m=========[0m [1m6s[0m 974ms/step - loss: 6.7300
[1m10/16[0m [32m============[0m[37m========[0m [1m5s[0m 971ms/step - loss: 6.9291
[1m11/16[0m [32m=============[0m[37m=======[0m [1m4s[0m 983ms/step - loss: 7.1202
[1m12/16[0m [32m===============[0m[37m=====[0m [1m4s[0m 1s/step - loss: 7.0849   
[1m13/16[0m [32m================[0m[37m====[0m [1m3s[0m 1s/step - loss: 6.9519
[1m14/16[0m [32m=================[0m[37m===[0m [1m2s[0m 1s/step - loss: 6.9184
[1m15/16[0m [32m==================[0m[37m==[0m [1m1s[0m 1s/step - loss: 6.9070
[1m16/16[0m [32m====================[0m[37m[0m [1m0s[0m 1s/step - loss: 6.8064
[1m16/16[0m [32m====================[0m[37m[0m [1m17s[0m 1s/step - loss: 6.8041 - val_loss: 6.5401
Epoch 15/50

[1m 1/16[0m [32m=[0m[37m===================[0m [1m13s[0m 932ms/step - loss: 7.6129
[1m 2/16[0m [32m==[0m[37m==================[0m [1m10s[0m 766ms/step - loss: 6.5719
[1m 3/16[0m [32m===[0m[37m=================[0m [1m10s[0m 803ms/step - loss: 6.5902
[1m 4/16[0m [32m=====[0m[37m===============[0m [1m9s[0m 794ms/step - loss: 6.9425 
[1m 5/16[0m [32m======[0m[37m==============[0m [1m8s[0m 791ms/step - loss: 6.8185
[1m 6/16[0m [32m=======[0m[37m=============[0m [1m7s[0m 790ms/step - loss: 6.7563
[1m 7/16[0m [32m========[0m[37m============[0m [1m7s[0m 791ms/step - loss: 6.5479
[1m 8/16[0m [32m==========[0m[37m==========[0m [1m6s[0m 798ms/step - loss: 6.6041
[1m 9/16[0m [32m===========[0m[37m=========[0m [1m5s[0m 793ms/step - loss: 6.4836
[1m10/16[0m [32m============[0m[37m========[0m [1m4s[0m 790ms/step - loss: 6.4116
[1m11/16[0m [32m=============[0m[37m=======[0m [1m3s[0m 793ms/step - loss: 6.2926
[1m12/16[0m [32m===============[0m[37m=====[0m [1m3s[0m 797ms/step - loss: 6.4252
[1m13/16[0m [32m================[0m[37m====[0m [1m2s[0m 796ms/step - loss: 6.6772
[1m14/16[0m [32m=================[0m[37m===[0m [1m1s[0m 794ms/step - loss: 6.6631
[1m15/16[0m [32m==================[0m[37m==[0m [1m0s[0m 797ms/step - loss: 6.6775
[1m16/16[0m [32m====================[0m[37m[0m [1m0s[0m 765ms/step - loss: 6.6949
[1m16/16[0m [32m====================[0m[37m[0m [1m13s[0m 786ms/step - loss: 6.6945 - val_loss: 9.1809
Epoch 16/50

[1m 1/16[0m [32m=[0m[37m===================[0m [1m6s[0m 439ms/step - loss: 7.9219
[1m 2/16[0m [32m==[0m[37m==================[0m [1m11s[0m 794ms/step - loss: 8.3506
[1m 3/16[0m [32m===[0m[37m=================[0m [1m11s[0m 849ms/step - loss: 7.8019
[1m 4/16[0m [32m=====[0m[37m===============[0m [1m11s[0m 978ms/step - loss: 7.5353
[1m 5/16[0m [32m======[0m[37m==============[0m [1m10s[0m 957ms/step - loss: 7.3724
[1m 6/16[0m [32m=======[0m[37m=============[0m [1m9s[0m 964ms/step - loss: 7.1143 
[1m 7/16[0m [32m========[0m[37m============[0m [1m9s[0m 1s/step - loss: 7.0145   
[1m 8/16[0m [32m==========[0m[37m==========[0m [1m8s[0m 1s/step - loss: 6.8997
[1m 9/16[0m [32m===========[0m[37m=========[0m [1m7s[0m 1s/step - loss: 6.7848
[1m10/16[0m [32m============[0m[37m========[0m [1m6s[0m 1s/step - loss: 6.6258
[1m11/16[0m [32m=============[0m[37m=======[0m [1m5s[0m 1s/step - loss: 6.7002
[1m12/16[0m [32m===============[0m[37m=====[0m [1m4s[0m 1s/step - loss: 6.6601
[1m13/16[0m [32m================[0m[37m====[0m [1m3s[0m 1s/step - loss: 6.6243
[1m14/16[0m [32m=================[0m[37m===[0m [1m2s[0m 1s/step - loss: 6.5511
[1m15/16[0m [32m==================[0m[37m==[0m [1m1s[0m 1s/step - loss: 6.5041
[1m16/16[0m [32m====================[0m[37m[0m [1m0s[0m 1s/step - loss: 6.5015
[1m16/16[0m [32m====================[0m[37m[0m [1m20s[0m 1s/step - loss: 6.4995 - val_loss: 6.7162
Epoch 17/50

[1m 1/16[0m [32m=[0m[37m===================[0m [1m15s[0m 1s/step - loss: 5.9625
[1m 2/16[0m [32m==[0m[37m==================[0m [1m5s[0m 426ms/step - loss: 5.5304
[1m 3/16[0m [32m===[0m[37m=================[0m [1m8s[0m 635ms/step - loss: 5.6888
[1m 4/16[0m [32m=====[0m[37m===============[0m [1m8s[0m 735ms/step - loss: 5.7874
[1m 5/16[0m [32m======[0m[37m==============[0m [1m8s[0m 779ms/step - loss: 5.7488
[1m 6/16[0m [32m=======[0m[37m=============[0m [1m8s[0m 820ms/step - loss: 5.6683
[1m 7/16[0m [32m========[0m[37m============[0m [1m7s[0m 838ms/step - loss: 5.6157
[1m 8/16[0m [32m==========[0m[37m==========[0m [1m7s[0m 879ms/step - loss: 5.4218
[1m 9/16[0m [32m===========[0m[37m=========[0m [1m6s[0m 889ms/step - loss: 5.2848
[1m10/16[0m [32m============[0m[37m========[0m [1m5s[0m 883ms/step - loss: 5.2162
[1m11/16[0m [32m=============[0m[37m=======[0m [1m4s[0m 883ms/step - loss: 5.1452
[1m12/16[0m [32m===============[0m[37m=====[0m [1m3s[0m 897ms/step - loss: 5.0679
[1m13/16[0m [32m================[0m[37m====[0m [1m2s[0m 903ms/step - loss: 4.9912
[1m14/16[0m [32m=================[0m[37m===[0m [1m1s[0m 910ms/step - loss: 5.0320
[1m15/16[0m [32m==================[0m[37m==[0m [1m0s[0m 916ms/step - loss: 5.0248
[1m16/16[0m [32m====================[0m[37m[0m [1m0s[0m 913ms/step - loss: 4.9674
[1m16/16[0m [32m====================[0m[37m[0m [1m15s[0m 931ms/step - loss: 4.9673 - val_loss: 5.4136
Epoch 18/50

[1m 1/16[0m [32m=[0m[37m===================[0m [1m13s[0m 883ms/step - loss: 3.6576
[1m 2/16[0m [32m==[0m[37m==================[0m [1m10s[0m 779ms/step - loss: 4.2771
[1m 3/16[0m [32m===[0m[37m=================[0m [1m10s[0m 804ms/step - loss: 4.3665
[1m 4/16[0m [32m=====[0m[37m===============[0m [1m9s[0m 819ms/step - loss: 4.7734 
[1m 5/16[0m [32m======[0m[37m==============[0m [1m9s[0m 871ms/step - loss: 4.9388
[1m 6/16[0m [32m=======[0m[37m=============[0m [1m8s[0m 868ms/step - loss: 5.1232
[1m 7/16[0m [32m========[0m[37m============[0m [1m7s[0m 883ms/step - loss: 4.9831
[1m 8/16[0m [32m==========[0m[37m==========[0m [1m6s[0m 814ms/step - loss: 4.9183
[1m 9/16[0m [32m===========[0m[37m=========[0m [1m5s[0m 817ms/step - loss: 4.9912
[1m10/16[0m [32m============[0m[37m========[0m [1m4s[0m 830ms/step - loss: 4.9599
[1m11/16[0m [32m=============[0m[37m=======[0m [1m4s[0m 842ms/step - loss: 4.9591
[1m12/16[0m [32m===============[0m[37m=====[0m [1m3s[0m 849ms/step - loss: 4.9037
[1m13/16[0m [32m================[0m[37m====[0m [1m2s[0m 860ms/step - loss: 4.8615
[1m14/16[0m [32m=================[0m[37m===[0m [1m1s[0m 880ms/step - loss: 4.8350
[1m15/16[0m [32m==================[0m[37m==[0m [1m0s[0m 880ms/step - loss: 4.7851
[1m16/16[0m [32m====================[0m[37m[0m [1m0s[0m 885ms/step - loss: 4.7388
[1m16/16[0m [32m====================[0m[37m[0m [1m14s[0m 907ms/step - loss: 4.7392 - val_loss: 4.6259
Epoch 19/50

[1m 1/16[0m [32m=[0m[37m===================[0m [1m16s[0m 1s/step - loss: 3.8707
[1m 2/16[0m [32m==[0m[37m==================[0m [1m11s[0m 818ms/step - loss: 3.6779
[1m 3/16[0m [32m===[0m[37m=================[0m [1m10s[0m 801ms/step - loss: 3.6624
[1m 4/16[0m [32m=====[0m[37m===============[0m [1m9s[0m 820ms/step - loss: 3.4183 
[1m 5/16[0m [32m======[0m[37m==============[0m [1m9s[0m 840ms/step - loss: 3.7737
[1m 6/16[0m [32m=======[0m[37m=============[0m [1m8s[0m 849ms/step - loss: 4.0502
[1m 7/16[0m [32m========[0m[37m============[0m [1m7s[0m 857ms/step - loss: 3.9196
[1m 8/16[0m [32m==========[0m[37m==========[0m [1m6s[0m 871ms/step - loss: 4.0753
[1m 9/16[0m [32m===========[0m[37m=========[0m [1m6s[0m 881ms/step - loss: 4.1673
[1m10/16[0m [32m============[0m[37m========[0m [1m5s[0m 897ms/step - loss: 4.1353
[1m11/16[0m [32m=============[0m[37m=======[0m [1m4s[0m 928ms/step - loss: 4.1876
[1m12/16[0m [32m===============[0m[37m=====[0m [1m3s[0m 930ms/step - loss: 4.2137
[1m13/16[0m [32m================[0m[37m====[0m [1m2s[0m 934ms/step - loss: 4.3816
[1m14/16[0m [32m=================[0m[37m===[0m [1m1s[0m 896ms/step - loss: 4.5987
[1m15/16[0m [32m==================[0m[37m==[0m [1m0s[0m 898ms/step - loss: 4.5733
[1m16/16[0m [32m====================[0m[37m[0m [1m0s[0m 908ms/step - loss: 4.5949
[1m16/16[0m [32m====================[0m[37m[0m [1m15s[0m 928ms/step - loss: 4.5909 - val_loss: 6.4662
Epoch 20/50

[1m 1/16[0m [32m=[0m[37m===================[0m [1m15s[0m 1s/step - loss: 5.1399
[1m 2/16[0m [32m==[0m[37m==================[0m [1m5s[0m 396ms/step - loss: 4.2452
[1m 3/16[0m [32m===[0m[37m=================[0m [1m7s[0m 613ms/step - loss: 4.1227
[1m 4/16[0m [32m=====[0m[37m===============[0m [1m8s[0m 717ms/step - loss: 4.0498
[1m 5/16[0m [32m======[0m[37m==============[0m [1m8s[0m 743ms/step - loss: 3.9515
[1m 6/16[0m [32m=======[0m[37m=============[0m [1m7s[0m 761ms/step - loss: 4.1573
[1m 7/16[0m [32m========[0m[37m============[0m [1m7s[0m 799ms/step - loss: 4.0114
[1m 8/16[0m [32m==========[0m[37m==========[0m [1m6s[0m 817ms/step - loss: 3.9970
[1m 9/16[0m [32m===========[0m[37m=========[0m [1m6s[0m 873ms/step - loss: 4.0408
[1m10/16[0m [32m============[0m[37m========[0m [1m5s[0m 944ms/step - loss: 4.0787
[1m11/16[0m [32m=============[0m[37m=======[0m [1m4s[0m 976ms/step - loss: 4.0545
[1m12/16[0m [32m===============[0m[37m=====[0m [1m3s[0m 999ms/step - loss: 4.0240
[1m13/16[0m [32m================[0m[37m====[0m [1m2s[0m 987ms/step - loss: 4.0384
[1m14/16[0m [32m=================[0m[37m===[0m [1m1s[0m 991ms/step - loss: 4.0233
[1m15/16[0m [32m==================[0m[37m==[0m [1m0s[0m 986ms/step - loss: 4.0946
[1m16/16[0m [32m====================[0m[37m[0m [1m0s[0m 991ms/step - loss: 4.1327
[1m16/16[0m [32m====================[0m[37m[0m [1m16s[0m 1s/step - loss: 4.1338 - val_loss: 7.1679
Epoch 21/50

[1m 1/16[0m [32m=[0m[37m===================[0m [1m13s[0m 873ms/step - loss: 5.7856
[1m 2/16[0m [32m==[0m[37m==================[0m [1m13s[0m 986ms/step - loss: 5.6051
[1m 3/16[0m [32m===[0m[37m=================[0m [1m11s[0m 889ms/step - loss: 5.3351
[1m 4/16[0m [32m=====[0m[37m===============[0m [1m10s[0m 865ms/step - loss: 5.3438
[1m 5/16[0m [32m======[0m[37m==============[0m [1m9s[0m 846ms/step - loss: 5.3131 
[1m 6/16[0m [32m=======[0m[37m=============[0m [1m8s[0m 845ms/step - loss: 5.1161
[1m 7/16[0m [32m========[0m[37m============[0m [1m7s[0m 857ms/step - loss: 4.8943
[1m 8/16[0m [32m==========[0m[37m==========[0m [1m6s[0m 862ms/step - loss: 4.6784
[1m 9/16[0m [32m===========[0m[37m=========[0m [1m6s[0m 881ms/step - loss: 4.6020
[1m10/16[0m [32m============[0m[37m========[0m [1m5s[0m 887ms/step - loss: 4.5734
[1m11/16[0m [32m=============[0m[37m=======[0m [1m4s[0m 887ms/step - loss: 4.4957
[1m12/16[0m [32m===============[0m[37m=====[0m [1m3s[0m 897ms/step - loss: 4.4171
[1m13/16[0m [32m================[0m[37m====[0m [1m2s[0m 893ms/step - loss: 4.3609
[1m14/16[0m [32m=================[0m[37m===[0m [1m1s[0m 895ms/step - loss: 4.2452
[1m15/16[0m [32m==================[0m[37m==[0m [1m0s[0m 861ms/step - loss: 4.2022
[1m16/16[0m [32m====================[0m[37m[0m [1m0s[0m 851ms/step - loss: 4.1552
[1m16/16[0m [32m====================[0m[37m[0m [1m14s[0m 873ms/step - loss: 4.1559 - val_loss: 3.8515
Epoch 22/50

[1m 1/16[0m [32m=[0m[37m===================[0m [1m12s[0m 851ms/step - loss: 2.9503
[1m 2/16[0m [32m==[0m[37m==================[0m [1m14s[0m 1s/step - loss: 3.2073   
[1m 3/16[0m [32m===[0m[37m=================[0m [1m12s[0m 967ms/step - loss: 2.9377
[1m 4/16[0m [32m=====[0m[37m===============[0m [1m11s[0m 938ms/step - loss: 3.4788
[1m 5/16[0m [32m======[0m[37m==============[0m [1m11s[0m 1s/step - loss: 3.8556   
[1m 6/16[0m [32m=======[0m[37m=============[0m [1m10s[0m 1s/step - loss: 3.6485
[1m 7/16[0m [32m========[0m[37m============[0m [1m8s[0m 927ms/step - loss: 3.6816
[1m 8/16[0m [32m==========[0m[37m==========[0m [1m7s[0m 932ms/step - loss: 3.7803
[1m 9/16[0m [32m===========[0m[37m=========[0m [1m6s[0m 934ms/step - loss: 3.6628
[1m10/16[0m [32m============[0m[37m========[0m [1m5s[0m 928ms/step - loss: 3.6706
[1m11/16[0m [32m=============[0m[37m=======[0m [1m4s[0m 931ms/step - loss: 3.6362
[1m12/16[0m [32m===============[0m[37m=====[0m [1m3s[0m 931ms/step - loss: 3.7920
[1m13/16[0m [32m================[0m[37m====[0m [1m2s[0m 942ms/step - loss: 3.9333
[1m14/16[0m [32m=================[0m[37m===[0m [1m1s[0m 941ms/step - loss: 3.9193
[1m15/16[0m [32m==================[0m[37m==[0m [1m0s[0m 947ms/step - loss: 3.8901
[1m16/16[0m [32m====================[0m[37m[0m [1m0s[0m 950ms/step - loss: 3.8636
[1m16/16[0m [32m====================[0m[37m[0m [1m15s[0m 968ms/step - loss: 3.8636 - val_loss: 3.8531
Epoch 23/50

[1m 1/16[0m [32m=[0m[37m===================[0m [1m12s[0m 803ms/step - loss: 3.2155
[1m 2/16[0m [32m==[0m[37m==================[0m [1m11s[0m 839ms/step - loss: 3.6957
[1m 3/16[0m [32m===[0m[37m=================[0m [1m10s[0m 837ms/step - loss: 3.6503
[1m 4/16[0m [32m=====[0m[37m===============[0m [1m10s[0m 872ms/step - loss: 3.5249
[1m 5/16[0m [32m======[0m[37m==============[0m [1m9s[0m 887ms/step - loss: 3.4913 
[1m 6/16[0m [32m=======[0m[37m=============[0m [1m8s[0m 898ms/step - loss: 3.4755
[1m 7/16[0m [32m========[0m[37m============[0m [1m8s[0m 913ms/step - loss: 3.4135
[1m 8/16[0m [32m==========[0m[37m==========[0m [1m7s[0m 927ms/step - loss: 3.4339
[1m 9/16[0m [32m===========[0m[37m=========[0m [1m6s[0m 971ms/step - loss: 3.4794
[1m10/16[0m [32m============[0m[37m========[0m [1m5s[0m 908ms/step - loss: 3.3436
[1m11/16[0m [32m=============[0m[37m=======[0m [1m4s[0m 922ms/step - loss: 3.3243
[1m12/16[0m [32m===============[0m[37m=====[0m [1m3s[0m 918ms/step - loss: 3.2645
[1m13/16[0m [32m================[0m[37m====[0m [1m2s[0m 931ms/step - loss: 3.3091
[1m14/16[0m [32m=================[0m[37m===[0m [1m1s[0m 943ms/step - loss: 3.2336
[1m15/16[0m [32m==================[0m[37m==[0m [1m0s[0m 944ms/step - loss: 3.2085
[1m16/16[0m [32m====================[0m[37m[0m [1m0s[0m 940ms/step - loss: 3.1691
[1m16/16[0m [32m====================[0m[37m[0m [1m15s[0m 961ms/step - loss: 3.1706 - val_loss: 4.8624
Epoch 24/50

[1m 1/16[0m [32m=[0m[37m===================[0m [1m14s[0m 947ms/step - loss: 2.6716
[1m 2/16[0m [32m==[0m[37m==================[0m [1m4s[0m 355ms/step - loss: 2.9903 
[1m 3/16[0m [32m===[0m[37m=================[0m [1m7s[0m 577ms/step - loss: 2.9716
[1m 4/16[0m [32m=====[0m[37m===============[0m [1m8s[0m 683ms/step - loss: 2.9336
[1m 5/16[0m [32m======[0m[37m==============[0m [1m8s[0m 741ms/step - loss: 2.7276
[1m 6/16[0m [32m=======[0m[37m=============[0m [1m7s[0m 763ms/step - loss: 3.0985
[1m 7/16[0m [32m========[0m[37m============[0m [1m6s[0m 773ms/step - loss: 3.2419
[1m 8/16[0m [32m==========[0m[37m==========[0m [1m6s[0m 788ms/step - loss: 3.1540
[1m 9/16[0m [32m===========[0m[37m=========[0m [1m5s[0m 798ms/step - loss: 3.1046
[1m10/16[0m [32m============[0m[37m========[0m [1m4s[0m 806ms/step - loss: 3.1262
[1m11/16[0m [32m=============[0m[37m=======[0m [1m4s[0m 811ms/step - loss: 3.1147
[1m12/16[0m [32m===============[0m[37m=====[0m [1m3s[0m 810ms/step - loss: 3.1437
[1m13/16[0m [32m================[0m[37m====[0m [1m2s[0m 810ms/step - loss: 3.1270
[1m14/16[0m [32m=================[0m[37m===[0m [1m1s[0m 816ms/step - loss: 3.1078
[1m15/16[0m [32m==================[0m[37m==[0m [1m0s[0m 818ms/step - loss: 3.0607
[1m16/16[0m [32m====================[0m[37m[0m [1m0s[0m 815ms/step - loss: 3.0966
[1m16/16[0m [32m====================[0m[37m[0m [1m13s[0m 835ms/step - loss: 3.0963 - val_loss: 4.3270
Epoch 25/50

[1m 1/16[0m [32m=[0m[37m===================[0m [1m18s[0m 1s/step - loss: 2.9276
[1m 2/16[0m [32m==[0m[37m==================[0m [1m5s[0m 370ms/step - loss: 2.9264
[1m 3/16[0m [32m===[0m[37m=================[0m [1m9s[0m 698ms/step - loss: 2.8563
[1m 4/16[0m [32m=====[0m[37m===============[0m [1m10s[0m 835ms/step - loss: 2.7998
[1m 5/16[0m [32m======[0m[37m==============[0m [1m9s[0m 884ms/step - loss: 2.8392 
[1m 6/16[0m [32m=======[0m[37m=============[0m [1m9s[0m 901ms/step - loss: 2.9827
[1m 7/16[0m [32m========[0m[37m============[0m [1m8s[0m 928ms/step - loss: 2.8115
[1m 8/16[0m [32m==========[0m[37m==========[0m [1m7s[0m 921ms/step - loss: 2.7235
[1m 9/16[0m [32m===========[0m[37m=========[0m [1m6s[0m 924ms/step - loss: 2.6183
[1m10/16[0m [32m============[0m[37m========[0m [1m5s[0m 931ms/step - loss: 2.7418
[1m11/16[0m [32m=============[0m[37m=======[0m [1m4s[0m 943ms/step - loss: 2.7291
[1m12/16[0m [32m===============[0m[37m=====[0m [1m3s[0m 950ms/step - loss: 2.7196
[1m13/16[0m [32m================[0m[37m====[0m [1m2s[0m 953ms/step - loss: 2.6641
[1m14/16[0m [32m=================[0m[37m===[0m [1m1s[0m 958ms/step - loss: 2.6602
[1m15/16[0m [32m==================[0m[37m==[0m [1m0s[0m 956ms/step - loss: 2.6202
[1m16/16[0m [32m====================[0m[37m[0m [1m0s[0m 957ms/step - loss: 2.5757
[1m16/16[0m [32m====================[0m[37m[0m [1m16s[0m 975ms/step - loss: 2.5752 - val_loss: 3.4597
Epoch 26/50

[1m 1/16[0m [32m=[0m[37m===================[0m [1m15s[0m 1s/step - loss: 1.4438
[1m 2/16[0m [32m==[0m[37m==================[0m [1m13s[0m 941ms/step - loss: 1.4315
[1m 3/16[0m [32m===[0m[37m=================[0m [1m13s[0m 1s/step - loss: 1.5802   
[1m 4/16[0m [32m=====[0m[37m===============[0m [1m11s[0m 988ms/step - loss: 1.5190
[1m 5/16[0m [32m======[0m[37m==============[0m [1m10s[0m 949ms/step - loss: 1.6811
[1m 6/16[0m [32m=======[0m[37m=============[0m [1m9s[0m 994ms/step - loss: 1.7259 
[1m 7/16[0m [32m========[0m[37m============[0m [1m9s[0m 1s/step - loss: 1.6638   
[1m 8/16[0m [32m==========[0m[37m==========[0m [1m8s[0m 1s/step - loss: 1.6231
[1m 9/16[0m [32m===========[0m[37m=========[0m [1m6s[0m 921ms/step - loss: 1.6654
[1m10/16[0m [32m============[0m[37m========[0m [1m5s[0m 924ms/step - loss: 1.7478
[1m11/16[0m [32m=============[0m[37m=======[0m [1m4s[0m 919ms/step - loss: 1.7508
[1m12/16[0m [32m===============[0m[37m=====[0m [1m3s[0m 910ms/step - loss: 1.8210
[1m13/16[0m [32m================[0m[37m====[0m [1m2s[0m 922ms/step - loss: 1.7931
[1m14/16[0m [32m=================[0m[37m===[0m [1m1s[0m 925ms/step - loss: 1.8352
[1m15/16[0m [32m==================[0m[37m==[0m [1m0s[0m 931ms/step - loss: 1.7966
[1m16/16[0m [32m====================[0m[37m[0m [1m0s[0m 941ms/step - loss: 1.8695
[1m16/16[0m [32m====================[0m[37m[0m [1m15s[0m 965ms/step - loss: 1.8693 - val_loss: 3.6629
Epoch 27/50

[1m 1/16[0m [32m=[0m[37m===================[0m [1m13s[0m 877ms/step - loss: 1.8024
[1m 2/16[0m [32m==[0m[37m==================[0m [1m14s[0m 1s/step - loss: 2.1897   
[1m 3/16[0m [32m===[0m[37m=================[0m [1m13s[0m 1s/step - loss: 2.0019
[1m 4/16[0m [32m=====[0m[37m===============[0m [1m12s[0m 1s/step - loss: 1.6546
[1m 5/16[0m [32m======[0m[37m==============[0m [1m11s[0m 1s/step - loss: 1.6532
[1m 6/16[0m [32m=======[0m[37m=============[0m [1m10s[0m 1s/step - loss: 1.6383
[1m 7/16[0m [32m========[0m[37m============[0m [1m9s[0m 1s/step - loss: 1.5748 
[1m 8/16[0m [32m==========[0m[37m==========[0m [1m8s[0m 1s/step - loss: 1.5856
[1m 9/16[0m [32m===========[0m[37m=========[0m [1m7s[0m 1s/step - loss: 1.6146
[1m10/16[0m [32m============[0m[37m========[0m [1m6s[0m 1s/step - loss: 1.5894
[1m11/16[0m [32m=============[0m[37m=======[0m [1m5s[0m 1s/step - loss: 1.6299
[1m12/16[0m [32m===============[0m[37m=====[0m [1m4s[0m 1s/step - loss: 1.6470
[1m13/16[0m [32m================[0m[37m====[0m [1m3s[0m 1s/step - loss: 1.6354
[1m14/16[0m [32m=================[0m[37m===[0m [1m2s[0m 1s/step - loss: 1.6675
[1m15/16[0m [32m==================[0m[37m==[0m [1m0s[0m 972ms/step - loss: 1.6559
[1m16/16[0m [32m====================[0m[37m[0m [1m0s[0m 956ms/step - loss: 1.6387
[1m16/16[0m [32m====================[0m[37m[0m [1m16s[0m 976ms/step - loss: 1.6389 - val_loss: 2.9284
Epoch 28/50

[1m 1/16[0m [32m=[0m[37m===================[0m [1m14s[0m 990ms/step - loss: 0.5853
[1m 2/16[0m [32m==[0m[37m==================[0m [1m13s[0m 977ms/step - loss: 1.0770
[1m 3/16[0m [32m===[0m[37m=================[0m [1m13s[0m 1s/step - loss: 0.7891   
[1m 4/16[0m [32m=====[0m[37m===============[0m [1m12s[0m 1s/step - loss: 1.1944
[1m 5/16[0m [32m======[0m[37m==============[0m [1m10s[0m 989ms/step - loss: 1.3197
[1m 6/16[0m [32m=======[0m[37m=============[0m [1m9s[0m 986ms/step - loss: 1.3562 
[1m 7/16[0m [32m========[0m[37m============[0m [1m7s[0m 880ms/step - loss: 1.2153
[1m 8/16[0m [32m==========[0m[37m==========[0m [1m7s[0m 879ms/step - loss: 1.3131
[1m 9/16[0m [32m===========[0m[37m=========[0m [1m6s[0m 921ms/step - loss: 1.3461
[1m10/16[0m [32m============[0m[37m========[0m [1m5s[0m 940ms/step - loss: 1.4643
[1m11/16[0m [32m=============[0m[37m=======[0m [1m4s[0m 943ms/step - loss: 1.3947
[1m12/16[0m [32m===============[0m[37m=====[0m [1m3s[0m 946ms/step - loss: 1.4226
[1m13/16[0m [32m================[0m[37m====[0m [1m2s[0m 943ms/step - loss: 1.4757
[1m14/16[0m [32m=================[0m[37m===[0m [1m1s[0m 947ms/step - loss: 1.4025
[1m15/16[0m [32m==================[0m[37m==[0m [1m0s[0m 950ms/step - loss: 1.3376
[1m16/16[0m [32m====================[0m[37m[0m [1m0s[0m 956ms/step - loss: 1.3073
[1m16/16[0m [32m====================[0m[37m[0m [1m16s[0m 977ms/step - loss: 1.3086 - val_loss: 2.7067
Epoch 29/50

[1m 1/16[0m [32m=[0m[37m===================[0m [1m15s[0m 1s/step - loss: 0.3516
[1m 2/16[0m [32m==[0m[37m==================[0m [1m13s[0m 995ms/step - loss: 0.6627
[1m 3/16[0m [32m===[0m[37m=================[0m [1m12s[0m 945ms/step - loss: 0.6706
[1m 4/16[0m [32m=====[0m[37m===============[0m [1m12s[0m 1s/step - loss: 0.7884   
[1m 5/16[0m [32m======[0m[37m==============[0m [1m11s[0m 1s/step - loss: 0.8549
[1m 6/16[0m [32m=======[0m[37m=============[0m [1m10s[0m 1s/step - loss: 0.7597
[1m 7/16[0m [32m========[0m[37m============[0m [1m9s[0m 1s/step - loss: 0.6323 
[1m 8/16[0m [32m==========[0m[37m==========[0m [1m8s[0m 1s/step - loss: 0.8188
[1m 9/16[0m [32m===========[0m[37m=========[0m [1m7s[0m 1s/step - loss: 0.8788
[1m10/16[0m [32m============[0m[37m========[0m [1m6s[0m 1s/step - loss: 0.8964
[1m11/16[0m [32m=============[0m[37m=======[0m [1m5s[0m 1s/step - loss: 1.0379
[1m12/16[0m [32m===============[0m[37m=====[0m [1m4s[0m 1s/step - loss: 1.0542
[1m13/16[0m [32m================[0m[37m====[0m [1m3s[0m 1s/step - loss: 1.0667
[1m14/16[0m [32m=================[0m[37m===[0m [1m2s[0m 1s/step - loss: 1.1665
[1m15/16[0m [32m==================[0m[37m==[0m [1m1s[0m 1s/step - loss: 1.1385
[1m16/16[0m [32m====================[0m[37m[0m [1m0s[0m 1s/step - loss: 1.1851
[1m16/16[0m [32m====================[0m[37m[0m [1m19s[0m 1s/step - loss: 1.1853 - val_loss: 3.8957
Epoch 30/50

[1m 1/16[0m [32m=[0m[37m===================[0m [1m27s[0m 2s/step - loss: 1.1694
[1m 2/16[0m [32m==[0m[37m==================[0m [1m13s[0m 995ms/step - loss: 0.6535
[1m 3/16[0m [32m===[0m[37m=================[0m [1m13s[0m 1s/step - loss: 1.5026   
[1m 4/16[0m [32m=====[0m[37m===============[0m [1m12s[0m 1s/step - loss: 1.4962
[1m 5/16[0m [32m======[0m[37m==============[0m [1m11s[0m 1s/step - loss: 1.2496
[1m 6/16[0m [32m=======[0m[37m=============[0m [1m9s[0m 997ms/step - loss: 1.3111
[1m 7/16[0m [32m========[0m[37m============[0m [1m9s[0m 1s/step - loss: 1.2025   
[1m 8/16[0m [32m==========[0m[37m==========[0m [1m7s[0m 983ms/step - loss: 1.1332
[1m 9/16[0m [32m===========[0m[37m=========[0m [1m6s[0m 977ms/step - loss: 1.0926
[1m10/16[0m [32m============[0m[37m========[0m [1m5s[0m 977ms/step - loss: 1.0215
[1m11/16[0m [32m=============[0m[37m=======[0m [1m4s[0m 976ms/step - loss: 0.9205
[1m12/16[0m [32m===============[0m[37m=====[0m [1m3s[0m 976ms/step - loss: 0.8775
[1m13/16[0m [32m================[0m[37m====[0m [1m2s[0m 974ms/step - loss: 0.8373
[1m14/16[0m [32m=================[0m[37m===[0m [1m1s[0m 978ms/step - loss: 0.7844
[1m15/16[0m [32m==================[0m[37m==[0m [1m0s[0m 936ms/step - loss: 0.7536
[1m16/16[0m [32m====================[0m[37m[0m [1m0s[0m 933ms/step - loss: 0.7239
[1m16/16[0m [32m====================[0m[37m[0m [1m16s[0m 953ms/step - loss: 0.7244 - val_loss: 2.6963
Epoch 31/50

[1m 1/16[0m [32m=[0m[37m===================[0m [1m14s[0m 990ms/step - loss: 0.4185
[1m 2/16[0m [32m==[0m[37m==================[0m [1m11s[0m 813ms/step - loss: 0.0337
[1m 3/16[0m [32m===[0m[37m=================[0m [1m11s[0m 911ms/step - loss: 0.2533
[1m 4/16[0m [32m=====[0m[37m===============[0m [1m11s[0m 925ms/step - loss: 0.4227
[1m 5/16[0m [32m======[0m[37m==============[0m [1m10s[0m 934ms/step - loss: 0.5413
[1m 6/16[0m [32m=======[0m[37m=============[0m [1m8s[0m 812ms/step - loss: 0.5479 
[1m 7/16[0m [32m========[0m[37m============[0m [1m7s[0m 806ms/step - loss: 0.4477
[1m 8/16[0m [32m==========[0m[37m==========[0m [1m6s[0m 823ms/step - loss: 0.4883
[1m 9/16[0m [32m===========[0m[37m=========[0m [1m5s[0m 820ms/step - loss: 0.4010
[1m10/16[0m [32m============[0m[37m========[0m [1m5s[0m 835ms/step - loss: 0.4966
[1m11/16[0m [32m=============[0m[37m=======[0m [1m4s[0m 839ms/step - loss: 0.5165
[1m12/16[0m [32m===============[0m[37m=====[0m [1m3s[0m 840ms/step - loss: 0.4900
[1m13/16[0m [32m================[0m[37m====[0m [1m2s[0m 837ms/step - loss: 0.5211
[1m14/16[0m [32m=================[0m[37m===[0m [1m1s[0m 845ms/step - loss: 0.5287
[1m15/16[0m [32m==================[0m[37m==[0m [1m0s[0m 843ms/step - loss: 0.5027
[1m16/16[0m [32m====================[0m[37m[0m [1m0s[0m 835ms/step - loss: 0.5327
[1m16/16[0m [32m====================[0m[37m[0m [1m14s[0m 858ms/step - loss: 0.5326 - val_loss: 3.3957
Epoch 32/50

[1m 1/16[0m [32m=[0m[37m===================[0m [1m15s[0m 1s/step - loss: 0.2005
[1m 2/16[0m [32m==[0m[37m==================[0m [1m13s[0m 952ms/step - loss: 0.2346
[1m 3/16[0m [32m===[0m[37m=================[0m [1m8s[0m 663ms/step - loss: -0.0960
[1m 4/16[0m [32m=====[0m[37m===============[0m [1m9s[0m 762ms/step - loss: 0.0355 
[1m 5/16[0m [32m======[0m[37m==============[0m [1m8s[0m 794ms/step - loss: 0.2223
[1m 6/16[0m [32m=======[0m[37m=============[0m [1m8s[0m 811ms/step - loss: 0.1218
[1m 7/16[0m [32m========[0m[37m============[0m [1m7s[0m 814ms/step - loss: 0.1347
[1m 8/16[0m [32m==========[0m[37m==========[0m [1m6s[0m 802ms/step - loss: 0.2420
[1m 9/16[0m [32m===========[0m[37m=========[0m [1m5s[0m 800ms/step - loss: 0.2243
[1m10/16[0m [32m============[0m[37m========[0m [1m4s[0m 810ms/step - loss: 0.2362
[1m11/16[0m [32m=============[0m[37m=======[0m [1m4s[0m 813ms/step - loss: 0.2255
[1m12/16[0m [32m===============[0m[37m=====[0m [1m3s[0m 821ms/step - loss: 0.2448
[1m13/16[0m [32m================[0m[37m====[0m [1m2s[0m 829ms/step - loss: 0.2269
[1m14/16[0m [32m=================[0m[37m===[0m [1m1s[0m 830ms/step - loss: 0.1934
[1m15/16[0m [32m==================[0m[37m==[0m [1m0s[0m 835ms/step - loss: 0.1674
[1m16/16[0m [32m====================[0m[37m[0m [1m0s[0m 831ms/step - loss: 0.1671
[1m16/16[0m [32m====================[0m[37m[0m [1m14s[0m 852ms/step - loss: 0.1684 - val_loss: 2.3225
Epoch 33/50

[1m 1/16[0m [32m=[0m[37m===================[0m [1m13s[0m 883ms/step - loss: -0.4044
[1m 2/16[0m [32m==[0m[37m==================[0m [1m12s[0m 919ms/step - loss: -0.3595
[1m 3/16[0m [32m===[0m[37m=================[0m [1m11s[0m 870ms/step - loss: -0.3279
[1m 4/16[0m [32m=====[0m[37m===============[0m [1m10s[0m 862ms/step - loss: -0.3714
[1m 5/16[0m [32m======[0m[37m==============[0m [1m8s[0m 730ms/step - loss: -0.2520 
[1m 6/16[0m [32m=======[0m[37m=============[0m [1m7s[0m 731ms/step - loss: -0.1205
[1m 7/16[0m [32m========[0m[37m============[0m [1m6s[0m 733ms/step - loss: -0.0218
[1m 8/16[0m [32m==========[0m[37m==========[0m [1m5s[0m 749ms/step - loss: -0.0487
[1m 9/16[0m [32m===========[0m[37m=========[0m [1m5s[0m 760ms/step - loss: -0.1809
[1m10/16[0m [32m============[0m[37m========[0m [1m4s[0m 777ms/step - loss: -0.1525
[1m11/16[0m [32m=============[0m[37m=======[0m [1m3s[0m 782ms/step - loss: -0.1241
[1m12/16[0m [32m===============[0m[37m=====[0m [1m3s[0m 791ms/step - loss: -0.1083
[1m13/16[0m [32m================[0m[37m====[0m [1m2s[0m 797ms/step - loss: -0.0822
[1m14/16[0m [32m=================[0m[37m===[0m [1m1s[0m 804ms/step - loss: -0.1077
[1m15/16[0m [32m==================[0m[37m==[0m [1m0s[0m 815ms/step - loss: -0.1589
[1m16/16[0m [32m====================[0m[37m[0m [1m0s[0m 819ms/step - loss: -0.1159
[1m16/16[0m [32m====================[0m[37m[0m [1m13s[0m 839ms/step - loss: -0.1164 - val_loss: 2.5810
Epoch 34/50

[1m 1/16[0m [32m=[0m[37m===================[0m [1m13s[0m 915ms/step - loss: 0.3528
[1m 2/16[0m [32m==[0m[37m==================[0m [1m4s[0m 339ms/step - loss: -0.0812
[1m 3/16[0m [32m===[0m[37m=================[0m [1m7s[0m 544ms/step - loss: 0.1282 
[1m 4/16[0m [32m=====[0m[37m===============[0m [1m7s[0m 633ms/step - loss: 0.1642
[1m 5/16[0m [32m======[0m[37m==============[0m [1m7s[0m 697ms/step - loss: -0.0574
[1m 6/16[0m [32m=======[0m[37m=============[0m [1m7s[0m 783ms/step - loss: -0.1358
[1m 7/16[0m [32m========[0m[37m============[0m [1m7s[0m 850ms/step - loss: -0.2477
[1m 8/16[0m [32m==========[0m[37m==========[0m [1m7s[0m 909ms/step - loss: -0.3160
[1m 9/16[0m [32m===========[0m[37m=========[0m [1m6s[0m 933ms/step - loss: -0.2909
[1m10/16[0m [32m============[0m[37m========[0m [1m5s[0m 932ms/step - loss: -0.3422
[1m11/16[0m [32m=============[0m[37m=======[0m [1m4s[0m 941ms/step - loss: -0.3356
[1m12/16[0m [32m===============[0m[37m=====[0m [1m3s[0m 947ms/step - loss: -0.3177
[1m13/16[0m [32m================[0m[37m====[0m [1m2s[0m 950ms/step - loss: -0.4146
[1m14/16[0m [32m=================[0m[37m===[0m [1m1s[0m 975ms/step - loss: -0.4054
[1m15/16[0m [32m==================[0m[37m==[0m [1m0s[0m 970ms/step - loss: -0.4514
[1m16/16[0m [32m====================[0m[37m[0m [1m0s[0m 973ms/step - loss: -0.4530
[1m16/16[0m [32m====================[0m[37m[0m [1m16s[0m 995ms/step - loss: -0.4529 - val_loss: 2.1637
Epoch 35/50

[1m 1/16[0m [32m=[0m[37m===================[0m [1m13s[0m 916ms/step - loss: -1.2550
[1m 2/16[0m [32m==[0m[37m==================[0m [1m11s[0m 847ms/step - loss: -0.8698
[1m 3/16[0m [32m===[0m[37m=================[0m [1m10s[0m 814ms/step - loss: -0.7100
[1m 4/16[0m [32m=====[0m[37m===============[0m [1m10s[0m 866ms/step - loss: -0.7883
[1m 5/16[0m [32m======[0m[37m==============[0m [1m8s[0m 739ms/step - loss: -0.8974 
[1m 6/16[0m [32m=======[0m[37m=============[0m [1m7s[0m 754ms/step - loss: -0.9347
[1m 7/16[0m [32m========[0m[37m============[0m [1m6s[0m 770ms/step - loss: -0.9869
[1m 8/16[0m [32m==========[0m[37m==========[0m [1m6s[0m 774ms/step - loss: -0.9829
[1m 9/16[0m [32m===========[0m[37m=========[0m [1m5s[0m 801ms/step - loss: -1.0179
[1m10/16[0m [32m============[0m[37m========[0m [1m4s[0m 799ms/step - loss: -0.9498
[1m11/16[0m [32m=============[0m[37m=======[0m [1m4s[0m 806ms/step - loss: -0.8995
[1m12/16[0m [32m===============[0m[37m=====[0m [1m3s[0m 827ms/step - loss: -0.8399
[1m13/16[0m [32m================[0m[37m====[0m [1m2s[0m 819ms/step - loss: -0.8175
[1m14/16[0m [32m=================[0m[37m===[0m [1m1s[0m 820ms/step - loss: -0.8096
[1m15/16[0m [32m==================[0m[37m==[0m [1m0s[0m 829ms/step - loss: -0.7917
[1m16/16[0m [32m====================[0m[37m[0m [1m0s[0m 821ms/step - loss: -0.7973
[1m16/16[0m [32m====================[0m[37m[0m [1m14s[0m 844ms/step - loss: -0.7965 - val_loss: 2.6890
Epoch 36/50

[1m 1/16[0m [32m=[0m[37m===================[0m [1m15s[0m 1s/step - loss: -1.2832
[1m 2/16[0m [32m==[0m[37m==================[0m [1m14s[0m 1s/step - loss: -1.3431
[1m 3/16[0m [32m===[0m[37m=================[0m [1m12s[0m 998ms/step - loss: -1.0351
[1m 4/16[0m [32m=====[0m[37m===============[0m [1m11s[0m 926ms/step - loss: -1.0227
[1m 5/16[0m [32m======[0m[37m==============[0m [1m10s[0m 930ms/step - loss: -1.0234
[1m 6/16[0m [32m=======[0m[37m=============[0m [1m9s[0m 907ms/step - loss: -1.0226 
[1m 7/16[0m [32m========[0m[37m============[0m [1m8s[0m 913ms/step - loss: -0.9417
[1m 8/16[0m [32m==========[0m[37m==========[0m [1m6s[0m 830ms/step - loss: -0.8669
[1m 9/16[0m [32m===========[0m[37m=========[0m [1m5s[0m 825ms/step - loss: -0.8492
[1m10/16[0m [32m============[0m[37m========[0m [1m5s[0m 864ms/step - loss: -0.8807
[1m11/16[0m [32m=============[0m[37m=======[0m [1m4s[0m 875ms/step - loss: -0.8835
[1m12/16[0m [32m===============[0m[37m=====[0m [1m3s[0m 881ms/step - loss: -0.7517
[1m13/16[0m [32m================[0m[37m====[0m [1m2s[0m 882ms/step - loss: -0.6633
[1m14/16[0m [32m=================[0m[37m===[0m [1m1s[0m 901ms/step - loss: -0.7093
[1m15/16[0m [32m==================[0m[37m==[0m [1m0s[0m 903ms/step - loss: -0.6749
[1m16/16[0m [32m====================[0m[37m[0m [1m0s[0m 913ms/step - loss: -0.6044
[1m16/16[0m [32m====================[0m[37m[0m [1m15s[0m 937ms/step - loss: -0.6048 - val_loss: 1.6428
Epoch 37/50

[1m 1/16[0m [32m=[0m[37m===================[0m [1m15s[0m 1s/step - loss: -1.1447
[1m 2/16[0m [32m==[0m[37m==================[0m [1m11s[0m 854ms/step - loss: -0.6935
[1m 3/16[0m [32m===[0m[37m=================[0m [1m11s[0m 877ms/step - loss: -0.5937
[1m 4/16[0m [32m=====[0m[37m===============[0m [1m10s[0m 864ms/step - loss: -0.8635
[1m 5/16[0m [32m======[0m[37m==============[0m [1m9s[0m 861ms/step - loss: -0.8315 
[1m 6/16[0m [32m=======[0m[37m=============[0m [1m8s[0m 885ms/step - loss: -0.6832
[1m 7/16[0m [32m========[0m[37m============[0m [1m7s[0m 885ms/step - loss: -0.6626
[1m 8/16[0m [32m==========[0m[37m==========[0m [1m7s[0m 877ms/step - loss: -0.7606
[1m 9/16[0m [32m===========[0m[37m=========[0m [1m6s[0m 866ms/step - loss: -0.8587
[1m10/16[0m [32m============[0m[37m========[0m [1m5s[0m 864ms/step - loss: -0.8073
[1m11/16[0m [32m=============[0m[37m=======[0m [1m4s[0m 859ms/step - loss: -0.8513
[1m12/16[0m [32m===============[0m[37m=====[0m [1m3s[0m 812ms/step - loss: -0.8143
[1m13/16[0m [32m================[0m[37m====[0m [1m2s[0m 814ms/step - loss: -0.9027
[1m14/16[0m [32m=================[0m[37m===[0m [1m1s[0m 818ms/step - loss: -0.9996
[1m15/16[0m [32m==================[0m[37m==[0m [1m0s[0m 854ms/step - loss: -1.0120
[1m16/16[0m [32m====================[0m[37m[0m [1m0s[0m 856ms/step - loss: -1.0478
[1m16/16[0m [32m====================[0m[37m[0m [1m14s[0m 882ms/step - loss: -1.0487 - val_loss: 1.1662
Epoch 38/50

[1m 1/16[0m [32m=[0m[37m===================[0m [1m6s[0m 410ms/step - loss: -0.9876
[1m 2/16[0m [32m==[0m[37m==================[0m [1m11s[0m 811ms/step - loss: -1.4469
[1m 3/16[0m [32m===[0m[37m=================[0m [1m10s[0m 825ms/step - loss: -1.6666
[1m 4/16[0m [32m=====[0m[37m===============[0m [1m9s[0m 811ms/step - loss: -1.7219 
[1m 5/16[0m [32m======[0m[37m==============[0m [1m8s[0m 802ms/step - loss: -1.6875
[1m 6/16[0m [32m=======[0m[37m=============[0m [1m7s[0m 793ms/step - loss: -1.7224
[1m 7/16[0m [32m========[0m[37m============[0m [1m7s[0m 800ms/step - loss: -1.7756
[1m 8/16[0m [32m==========[0m[37m==========[0m [1m6s[0m 822ms/step - loss: -1.7877
[1m 9/16[0m [32m===========[0m[37m=========[0m [1m5s[0m 835ms/step - loss: -1.7549
[1m10/16[0m [32m============[0m[37m========[0m [1m5s[0m 858ms/step - loss: -1.7642
[1m11/16[0m [32m=============[0m[37m=======[0m [1m4s[0m 857ms/step - loss: -1.8075
[1m12/16[0m [32m===============[0m[37m=====[0m [1m3s[0m 848ms/step - loss: -1.7107
[1m13/16[0m [32m================[0m[37m====[0m [1m2s[0m 847ms/step - loss: -1.6922
[1m14/16[0m [32m=================[0m[37m===[0m [1m1s[0m 850ms/step - loss: -1.7119
[1m15/16[0m [32m==================[0m[37m==[0m [1m0s[0m 846ms/step - loss: -1.6943
[1m16/16[0m [32m====================[0m[37m[0m [1m0s[0m 840ms/step - loss: -1.7172
[1m16/16[0m [32m====================[0m[37m[0m [1m13s[0m 862ms/step - loss: -1.7182 - val_loss: 1.5993
Epoch 39/50

[1m 1/16[0m [32m=[0m[37m===================[0m [1m5s[0m 370ms/step - loss: -2.0724
[1m 2/16[0m [32m==[0m[37m==================[0m [1m11s[0m 803ms/step - loss: -2.0155
[1m 3/16[0m [32m===[0m[37m=================[0m [1m10s[0m 815ms/step - loss: -1.8429
[1m 4/16[0m [32m=====[0m[37m===============[0m [1m9s[0m 832ms/step - loss: -1.7015 
[1m 5/16[0m [32m======[0m[37m==============[0m [1m9s[0m 820ms/step - loss: -1.7651
[1m 6/16[0m [32m=======[0m[37m=============[0m [1m8s[0m 826ms/step - loss: -1.6943
[1m 7/16[0m [32m========[0m[37m============[0m [1m7s[0m 818ms/step - loss: -1.7297
[1m 8/16[0m [32m==========[0m[37m==========[0m [1m6s[0m 823ms/step - loss: -1.7431
[1m 9/16[0m [32m===========[0m[37m=========[0m [1m5s[0m 840ms/step - loss: -1.7568
[1m10/16[0m [32m============[0m[37m========[0m [1m5s[0m 849ms/step - loss: -1.7461
[1m11/16[0m [32m=============[0m[37m=======[0m [1m4s[0m 841ms/step - loss: -1.7549
[1m12/16[0m [32m===============[0m[37m=====[0m [1m3s[0m 841ms/step - loss: -1.7708
[1m13/16[0m [32m================[0m[37m====[0m [1m2s[0m 844ms/step - loss: -1.7639
[1m14/16[0m [32m=================[0m[37m===[0m [1m1s[0m 846ms/step - loss: -1.7472
[1m15/16[0m [32m==================[0m[37m==[0m [1m0s[0m 860ms/step - loss: -1.7335
[1m16/16[0m [32m====================[0m[37m[0m [1m0s[0m 873ms/step - loss: -1.7436
[1m16/16[0m [32m====================[0m[37m[0m [1m14s[0m 896ms/step - loss: -1.7432 - val_loss: 1.7042
Epoch 40/50

[1m 1/16[0m [32m=[0m[37m===================[0m [1m14s[0m 938ms/step - loss: -1.6971
[1m 2/16[0m [32m==[0m[37m==================[0m [1m4s[0m 356ms/step - loss: -1.7506 
[1m 3/16[0m [32m===[0m[37m=================[0m [1m7s[0m 568ms/step - loss: -1.8193
[1m 4/16[0m [32m=====[0m[37m===============[0m [1m8s[0m 684ms/step - loss: -1.8225
[1m 5/16[0m [32m======[0m[37m==============[0m [1m8s[0m 755ms/step - loss: -1.9272
[1m 6/16[0m [32m=======[0m[37m=============[0m [1m7s[0m 792ms/step - loss: -1.9449
[1m 7/16[0m [32m========[0m[37m============[0m [1m7s[0m 841ms/step - loss: -2.1019
[1m 8/16[0m [32m==========[0m[37m==========[0m [1m6s[0m 866ms/step - loss: -2.0784
[1m 9/16[0m [32m===========[0m[37m=========[0m [1m6s[0m 883ms/step - loss: -1.9968
[1m10/16[0m [32m============[0m[37m========[0m [1m5s[0m 904ms/step - loss: -2.1088
[1m11/16[0m [32m=============[0m[37m=======[0m [1m4s[0m 914ms/step - loss: -2.1305
[1m12/16[0m [32m===============[0m[37m=====[0m [1m3s[0m 944ms/step - loss: -2.0812
[1m13/16[0m [32m================[0m[37m====[0m [1m2s[0m 981ms/step - loss: -2.0398
[1m14/16[0m [32m=================[0m[37m===[0m [1m2s[0m 1s/step - loss: -2.0646   
[1m15/16[0m [32m==================[0m[37m==[0m [1m1s[0m 1s/step - loss: -2.0857
[1m16/16[0m [32m====================[0m[37m[0m [1m0s[0m 1s/step - loss: -2.1079
[1m16/16[0m [32m====================[0m[37m[0m [1m17s[0m 1s/step - loss: -2.1084 - val_loss: 1.9176
Epoch 41/50

[1m 1/16[0m [32m=[0m[37m===================[0m [1m14s[0m 938ms/step - loss: -2.5634
[1m 2/16[0m [32m==[0m[37m==================[0m [1m11s[0m 810ms/step - loss: -2.3734
[1m 3/16[0m [32m===[0m[37m=================[0m [1m11s[0m 895ms/step - loss: -2.2626
[1m 4/16[0m [32m=====[0m[37m===============[0m [1m10s[0m 869ms/step - loss: -2.2491
[1m 5/16[0m [32m======[0m[37m==============[0m [1m9s[0m 859ms/step - loss: -2.3064 
[1m 6/16[0m [32m=======[0m[37m=============[0m [1m9s[0m 917ms/step - loss: -2.0926
[1m 7/16[0m [32m========[0m[37m============[0m [1m7s[0m 833ms/step - loss: -1.8872
[1m 8/16[0m [32m==========[0m[37m==========[0m [1m6s[0m 849ms/step - loss: -1.9406
[1m 9/16[0m [32m===========[0m[37m=========[0m [1m6s[0m 861ms/step - loss: -1.9041
[1m10/16[0m [32m============[0m[37m========[0m [1m5s[0m 862ms/step - loss: -1.8157
[1m11/16[0m [32m=============[0m[37m=======[0m [1m4s[0m 878ms/step - loss: -1.8519
[1m12/16[0m [32m===============[0m[37m=====[0m [1m3s[0m 892ms/step - loss: -1.8785
[1m13/16[0m [32m================[0m[37m====[0m [1m2s[0m 903ms/step - loss: -1.9758
[1m14/16[0m [32m=================[0m[37m===[0m [1m1s[0m 916ms/step - loss: -2.0107
[1m15/16[0m [32m==================[0m[37m==[0m [1m0s[0m 921ms/step - loss: -2.0219
[1m16/16[0m [32m====================[0m[37m[0m [1m0s[0m 935ms/step - loss: -2.0594
[1m16/16[0m [32m====================[0m[37m[0m [1m15s[0m 956ms/step - loss: -2.0613 - val_loss: 1.8146
Epoch 42/50

[1m 1/16[0m [32m=[0m[37m===================[0m [1m12s[0m 838ms/step - loss: -2.1872
[1m 2/16[0m [32m==[0m[37m==================[0m [1m12s[0m 916ms/step - loss: -2.3687
[1m 3/16[0m [32m===[0m[37m=================[0m [1m11s[0m 891ms/step - loss: -2.3580
[1m 4/16[0m [32m=====[0m[37m===============[0m [1m10s[0m 871ms/step - loss: -2.4322
[1m 5/16[0m [32m======[0m[37m==============[0m [1m9s[0m 889ms/step - loss: -2.3643 
[1m 6/16[0m [32m=======[0m[37m=============[0m [1m8s[0m 881ms/step - loss: -2.4248
[1m 7/16[0m [32m========[0m[37m============[0m [1m7s[0m 883ms/step - loss: -2.4069
[1m 8/16[0m [32m==========[0m[37m==========[0m [1m7s[0m 892ms/step - loss: -2.3858
[1m 9/16[0m [32m===========[0m[37m=========[0m [1m6s[0m 884ms/step - loss: -2.4740
[1m10/16[0m [32m============[0m[37m========[0m [1m5s[0m 940ms/step - loss: -2.5042
[1m11/16[0m [32m=============[0m[37m=======[0m [1m4s[0m 937ms/step - loss: -2.4439
[1m12/16[0m [32m===============[0m[37m=====[0m [1m3s[0m 939ms/step - loss: -2.4728
[1m13/16[0m [32m================[0m[37m====[0m [1m2s[0m 943ms/step - loss: -2.4968
[1m14/16[0m [32m=================[0m[37m===[0m [1m1s[0m 903ms/step - loss: -2.4408
[1m15/16[0m [32m==================[0m[37m==[0m [1m0s[0m 908ms/step - loss: -2.4557
[1m16/16[0m [32m====================[0m[37m[0m [1m0s[0m 916ms/step - loss: -2.4424
[1m16/16[0m [32m====================[0m[37m[0m [1m15s[0m 937ms/step - loss: -2.4434 - val_loss: 1.6273
Epoch 43/50

[1m 1/16[0m [32m=[0m[37m===================[0m [1m12s[0m 855ms/step - loss: -2.6062
[1m 2/16[0m [32m==[0m[37m==================[0m [1m11s[0m 849ms/step - loss: -2.4598
[1m 3/16[0m [32m===[0m[37m=================[0m [1m11s[0m 908ms/step - loss: -2.3834
[1m 4/16[0m [32m=====[0m[37m===============[0m [1m8s[0m 726ms/step - loss: -2.5465 
[1m 5/16[0m [32m======[0m[37m==============[0m [1m8s[0m 771ms/step - loss: -2.4320
[1m 6/16[0m [32m=======[0m[37m=============[0m [1m7s[0m 791ms/step - loss: -2.4377
[1m 7/16[0m [32m========[0m[37m============[0m [1m7s[0m 802ms/step - loss: -2.4458
[1m 8/16[0m [32m==========[0m[37m==========[0m [1m6s[0m 806ms/step - loss: -2.5370
[1m 9/16[0m [32m===========[0m[37m=========[0m [1m5s[0m 806ms/step - loss: -2.5031
[1m10/16[0m [32m============[0m[37m========[0m [1m4s[0m 808ms/step - loss: -2.5666
[1m11/16[0m [32m=============[0m[37m=======[0m [1m4s[0m 822ms/step - loss: -2.5704
[1m12/16[0m [32m===============[0m[37m=====[0m [1m3s[0m 842ms/step - loss: -2.6269
[1m13/16[0m [32m================[0m[37m====[0m [1m2s[0m 841ms/step - loss: -2.5990
[1m14/16[0m [32m=================[0m[37m===[0m [1m1s[0m 844ms/step - loss: -2.5747
[1m15/16[0m [32m==================[0m[37m==[0m [1m0s[0m 848ms/step - loss: -2.5874
[1m16/16[0m [32m====================[0m[37m[0m [1m0s[0m 856ms/step - loss: -2.6121
[1m16/16[0m [32m====================[0m[37m[0m [1m14s[0m 879ms/step - loss: -2.6115 - val_loss: 1.5654
Epoch 44/50

[1m 1/16[0m [32m=[0m[37m===================[0m [1m14s[0m 950ms/step - loss: -3.4088
[1m 2/16[0m [32m==[0m[37m==================[0m [1m11s[0m 837ms/step - loss: -3.0505
[1m 3/16[0m [32m===[0m[37m=================[0m [1m11s[0m 847ms/step - loss: -2.9532
[1m 4/16[0m [32m=====[0m[37m===============[0m [1m10s[0m 849ms/step - loss: -2.8703
[1m 5/16[0m [32m======[0m[37m==============[0m [1m9s[0m 838ms/step - loss: -2.7995 
[1m 6/16[0m [32m=======[0m[37m=============[0m [1m7s[0m 738ms/step - loss: -2.7459
[1m 7/16[0m [32m========[0m[37m============[0m [1m6s[0m 750ms/step - loss: -2.6785
[1m 8/16[0m [32m==========[0m[37m==========[0m [1m6s[0m 770ms/step - loss: -2.7186
[1m 9/16[0m [32m===========[0m[37m=========[0m [1m5s[0m 778ms/step - loss: -2.7599
[1m10/16[0m [32m============[0m[37m========[0m [1m4s[0m 783ms/step - loss: -2.7248
[1m11/16[0m [32m=============[0m[37m=======[0m [1m3s[0m 800ms/step - loss: -2.7168
[1m12/16[0m [32m===============[0m[37m=====[0m [1m3s[0m 810ms/step - loss: -2.7691
[1m13/16[0m [32m================[0m[37m====[0m [1m2s[0m 818ms/step - loss: -2.8179
[1m14/16[0m [32m=================[0m[37m===[0m [1m1s[0m 830ms/step - loss: -2.8095
[1m15/16[0m [32m==================[0m[37m==[0m [1m0s[0m 846ms/step - loss: -2.8038
[1m16/16[0m [32m====================[0m[37m[0m [1m0s[0m 853ms/step - loss: -2.7950
[1m16/16[0m [32m====================[0m[37m[0m [1m14s[0m 876ms/step - loss: -2.7955 - val_loss: 1.4768
Epoch 45/50

[1m 1/16[0m [32m=[0m[37m===================[0m [1m13s[0m 887ms/step - loss: -2.6926
[1m 2/16[0m [32m==[0m[37m==================[0m [1m11s[0m 797ms/step - loss: -3.1084
[1m 3/16[0m [32m===[0m[37m=================[0m [1m10s[0m 778ms/step - loss: -3.1174
[1m 4/16[0m [32m=====[0m[37m===============[0m [1m10s[0m 864ms/step - loss: -3.0988
[1m 5/16[0m [32m======[0m[37m==============[0m [1m10s[0m 927ms/step - loss: -2.9761
[1m 6/16[0m [32m=======[0m[37m=============[0m [1m9s[0m 945ms/step - loss: -2.9284 
[1m 7/16[0m [32m========[0m[37m============[0m [1m8s[0m 946ms/step - loss: -2.8722
[1m 8/16[0m [32m==========[0m[37m==========[0m [1m7s[0m 946ms/step - loss: -2.9205
[1m 9/16[0m [32m===========[0m[37m=========[0m [1m6s[0m 942ms/step - loss: -2.8462
[1m10/16[0m [32m============[0m[37m========[0m [1m5s[0m 970ms/step - loss: -2.8787
[1m11/16[0m [32m=============[0m[37m=======[0m [1m4s[0m 977ms/step - loss: -2.9098
[1m12/16[0m [32m===============[0m[37m=====[0m [1m3s[0m 972ms/step - loss: -2.8717
[1m13/16[0m [32m================[0m[37m====[0m [1m2s[0m 963ms/step - loss: -2.8498
[1m14/16[0m [32m=================[0m[37m===[0m [1m1s[0m 964ms/step - loss: -2.8392
[1m15/16[0m [32m==================[0m[37m==[0m [1m0s[0m 963ms/step - loss: -2.8519
[1m16/16[0m [32m====================[0m[37m[0m [1m0s[0m 927ms/step - loss: -2.9011
[1m16/16[0m [32m====================[0m[37m[0m [1m15s[0m 947ms/step - loss: -2.9000 - val_loss: 1.6131
Epoch 46/50

[1m 1/16[0m [32m=[0m[37m===================[0m [1m12s[0m 831ms/step - loss: -3.0140
[1m 2/16[0m [32m==[0m[37m==================[0m [1m13s[0m 979ms/step - loss: -2.9860
[1m 3/16[0m [32m===[0m[37m=================[0m [1m12s[0m 946ms/step - loss: -2.7149
[1m 4/16[0m [32m=====[0m[37m===============[0m [1m10s[0m 889ms/step - loss: -2.8817
[1m 5/16[0m [32m======[0m[37m==============[0m [1m9s[0m 872ms/step - loss: -2.9481 
[1m 6/16[0m [32m=======[0m[37m=============[0m [1m8s[0m 876ms/step - loss: -2.8448
[1m 7/16[0m [32m========[0m[37m============[0m [1m7s[0m 863ms/step - loss: -2.8715
[1m 8/16[0m [32m==========[0m[37m==========[0m [1m6s[0m 863ms/step - loss: -2.8137
[1m 9/16[0m [32m===========[0m[37m=========[0m [1m6s[0m 879ms/step - loss: -2.8485
[1m10/16[0m [32m============[0m[37m========[0m [1m5s[0m 880ms/step - loss: -2.8323
[1m11/16[0m [32m=============[0m[37m=======[0m [1m4s[0m 829ms/step - loss: -2.8649
[1m12/16[0m [32m===============[0m[37m=====[0m [1m3s[0m 835ms/step - loss: -2.8962
[1m13/16[0m [32m================[0m[37m====[0m [1m2s[0m 863ms/step - loss: -2.9281
[1m14/16[0m [32m=================[0m[37m===[0m [1m1s[0m 872ms/step - loss: -2.9059
[1m15/16[0m [32m==================[0m[37m==[0m [1m0s[0m 876ms/step - loss: -2.9644
[1m16/16[0m [32m====================[0m[37m[0m [1m0s[0m 878ms/step - loss: -2.9753
[1m16/16[0m [32m====================[0m[37m[0m [1m14s[0m 900ms/step - loss: -2.9750 - val_loss: 1.4623
Epoch 47/50

[1m 1/16[0m [32m=[0m[37m===================[0m [1m14s[0m 968ms/step - loss: -3.3845
[1m 2/16[0m [32m==[0m[37m==================[0m [1m12s[0m 921ms/step - loss: -3.4059
[1m 3/16[0m [32m===[0m[37m=================[0m [1m11s[0m 862ms/step - loss: -3.3463
[1m 4/16[0m [32m=====[0m[37m===============[0m [1m10s[0m 857ms/step - loss: -3.2721
[1m 5/16[0m [32m======[0m[37m==============[0m [1m9s[0m 850ms/step - loss: -3.3285 
[1m 6/16[0m [32m=======[0m[37m=============[0m [1m8s[0m 835ms/step - loss: -3.3303
[1m 7/16[0m [32m========[0m[37m============[0m [1m7s[0m 833ms/step - loss: -3.2784
[1m 8/16[0m [32m==========[0m[37m==========[0m [1m6s[0m 823ms/step - loss: -3.2617
[1m 9/16[0m [32m===========[0m[37m=========[0m [1m5s[0m 821ms/step - loss: -3.2046
[1m10/16[0m [32m============[0m[37m========[0m [1m4s[0m 827ms/step - loss: -3.2143
[1m11/16[0m [32m=============[0m[37m=======[0m [1m4s[0m 824ms/step - loss: -3.1760
[1m12/16[0m [32m===============[0m[37m=====[0m [1m3s[0m 829ms/step - loss: -3.1626
[1m13/16[0m [32m================[0m[37m====[0m [1m2s[0m 836ms/step - loss: -3.0883
[1m14/16[0m [32m=================[0m[37m===[0m [1m1s[0m 837ms/step - loss: -3.1104
[1m15/16[0m [32m==================[0m[37m==[0m [1m0s[0m 802ms/step - loss: -3.0981
[1m16/16[0m [32m====================[0m[37m[0m [1m0s[0m 809ms/step - loss: -3.0423
[1m16/16[0m [32m====================[0m[37m[0m [1m13s[0m 831ms/step - loss: -3.0425 - val_loss: 1.5025
Epoch 48/50

[1m 1/16[0m [32m=[0m[37m===================[0m [1m6s[0m 411ms/step - loss: -3.0144
[1m 2/16[0m [32m==[0m[37m==================[0m [1m11s[0m 855ms/step - loss: -3.0035
[1m 3/16[0m [32m===[0m[37m=================[0m [1m11s[0m 885ms/step - loss: -2.8833
[1m 4/16[0m [32m=====[0m[37m===============[0m [1m10s[0m 849ms/step - loss: -2.9737
[1m 5/16[0m [32m======[0m[37m==============[0m [1m9s[0m 854ms/step - loss: -3.0938 
[1m 6/16[0m [32m=======[0m[37m=============[0m [1m8s[0m 852ms/step - loss: -3.1457
[1m 7/16[0m [32m========[0m[37m============[0m [1m7s[0m 851ms/step - loss: -3.1060
[1m 8/16[0m [32m==========[0m[37m==========[0m [1m6s[0m 836ms/step - loss: -3.1606
[1m 9/16[0m [32m===========[0m[37m=========[0m [1m5s[0m 833ms/step - loss: -3.1446
[1m10/16[0m [32m============[0m[37m========[0m [1m5s[0m 841ms/step - loss: -3.1740
[1m11/16[0m [32m=============[0m[37m=======[0m [1m4s[0m 842ms/step - loss: -3.1614
[1m12/16[0m [32m===============[0m[37m=====[0m [1m3s[0m 845ms/step - loss: -3.1497
[1m13/16[0m [32m================[0m[37m====[0m [1m2s[0m 841ms/step - loss: -3.1526
[1m14/16[0m [32m=================[0m[37m===[0m [1m1s[0m 837ms/step - loss: -3.1352
[1m15/16[0m [32m==================[0m[37m==[0m [1m0s[0m 843ms/step - loss: -3.1445
[1m16/16[0m [32m====================[0m[37m[0m [1m0s[0m 861ms/step - loss: -3.1147
[1m16/16[0m [32m====================[0m[37m[0m [1m14s[0m 884ms/step - loss: -3.1148 - val_loss: 1.4554
Epoch 49/50

[1m 1/16[0m [32m=[0m[37m===================[0m [1m13s[0m 925ms/step - loss: -3.3406
[1m 2/16[0m [32m==[0m[37m==================[0m [1m12s[0m 908ms/step - loss: -3.3113
[1m 3/16[0m [32m===[0m[37m=================[0m [1m11s[0m 878ms/step - loss: -3.2410
[1m 4/16[0m [32m=====[0m[37m===============[0m [1m10s[0m 851ms/step - loss: -3.3210
[1m 5/16[0m [32m======[0m[37m==============[0m [1m9s[0m 863ms/step - loss: -3.2861 
[1m 6/16[0m [32m=======[0m[37m=============[0m [1m8s[0m 867ms/step - loss: -3.2395
[1m 7/16[0m [32m========[0m[37m============[0m [1m7s[0m 855ms/step - loss: -3.3124
[1m 8/16[0m [32m==========[0m[37m==========[0m [1m7s[0m 875ms/step - loss: -3.2971
[1m 9/16[0m [32m===========[0m[37m=========[0m [1m5s[0m 810ms/step - loss: -3.3507
[1m10/16[0m [32m============[0m[37m========[0m [1m4s[0m 803ms/step - loss: -3.3019
[1m11/16[0m [32m=============[0m[37m=======[0m [1m4s[0m 800ms/step - loss: -3.2808
[1m12/16[0m [32m===============[0m[37m=====[0m [1m3s[0m 800ms/step - loss: -3.2348
[1m13/16[0m [32m================[0m[37m====[0m [1m2s[0m 799ms/step - loss: -3.1718
[1m14/16[0m [32m=================[0m[37m===[0m [1m1s[0m 813ms/step - loss: -3.1630
[1m15/16[0m [32m==================[0m[37m==[0m [1m0s[0m 823ms/step - loss: -3.1838
[1m16/16[0m [32m====================[0m[37m[0m [1m0s[0m 820ms/step - loss: -3.1840
[1m16/16[0m [32m====================[0m[37m[0m [1m14s[0m 843ms/step - loss: -3.1831 - val_loss: 1.4000
Epoch 50/50

[1m 1/16[0m [32m=[0m[37m===================[0m [1m13s[0m 907ms/step - loss: -3.3868
[1m 2/16[0m [32m==[0m[37m==================[0m [1m12s[0m 881ms/step - loss: -3.1525
[1m 3/16[0m [32m===[0m[37m=================[0m [1m11s[0m 864ms/step - loss: -3.1189
[1m 4/16[0m [32m=====[0m[37m===============[0m [1m8s[0m 706ms/step - loss: -2.9327 
[1m 5/16[0m [32m======[0m[37m==============[0m [1m8s[0m 778ms/step - loss: -3.0134
[1m 6/16[0m [32m=======[0m[37m=============[0m [1m8s[0m 837ms/step - loss: -2.9831
[1m 7/16[0m [32m========[0m[37m============[0m [1m7s[0m 825ms/step - loss: -3.0833
[1m 8/16[0m [32m==========[0m[37m==========[0m [1m6s[0m 829ms/step - loss: -3.2068
[1m 9/16[0m [32m===========[0m[37m=========[0m [1m5s[0m 838ms/step - loss: -3.1531
[1m10/16[0m [32m============[0m[37m========[0m [1m5s[0m 837ms/step - loss: -3.1717
[1m11/16[0m [32m=============[0m[37m=======[0m [1m4s[0m 843ms/step - loss: -3.1615
[1m12/16[0m [32m===============[0m[37m=====[0m [1m3s[0m 840ms/step - loss: -3.1543
[1m13/16[0m [32m================[0m[37m====[0m [1m2s[0m 841ms/step - loss: -3.1841
[1m14/16[0m [32m=================[0m[37m===[0m [1m1s[0m 840ms/step - loss: -3.1737
[1m15/16[0m [32m==================[0m[37m==[0m [1m0s[0m 831ms/step - loss: -3.1499
[1m16/16[0m [32m====================[0m[37m[0m [1m0s[0m 833ms/step - loss: -3.1652
[1m16/16[0m [32m====================[0m[37m[0m [1m14s[0m 850ms/step - loss: -3.1663 - val_loss: 1.4073
Training Completed.
Loss plot saved to plots\loss_plot.png
Simulating Posterior Draws...
Generating Diagnostic Plots...
Calibration ECDF saved to plots\calibration_ecdf.png
Recovery plot saved to plots\recovery.png
Computing and Saving Diagnostic Metrics...
Metrics saved to metrics.csv
Generating Default Diagnostic Summary Plot...
Default diagnostics plot saved to plots\default_diagnostics.png
